
/home/kaim/projects/def-ichiro/kaim/demucs
CODE_OF_CONDUCT.md
CONTRIBUTING.md
Demucs.ipynb
LICENSE
MANIFEST.in
Makefile
README.md
conf
demucs
demucs.egg-info
demucs.png
docs
download_tracks.sh
environment-cpu.yml
environment-cuda.yml
hubconf.py
job_outputs
lameenc
metrics_calculation_job.sh
mypy.ini
outputs.tar.gz
requirements.txt
requirements_minimal.txt
requirements_venv.txt
results
run_metrics.py
run_separation_demucs.sh
separated
separation_demucs_job.sh
setup.cfg
setup.py
slurm-46302848.out
slurm-46304073.out
tools
