Already up to date.
/project/6002780/kaim/demucs/demucs/train.py:22: UserWarning: TorchAudio's global backend is now deprecated. Please enable distpatcher by setting `TORCHAUDIO_USE_BACKEND_DISPATCHER=1`, and specify backend when calling load/info/save function.
  import torchaudio
[1mParser[0m Injecting argv ['model=htdemucs'] from sig 8ad9d354
/project/6002780/kaim/demucs/demucs_env/lib/python3.10/site-packages/hydra/_internal/hydra.py:119: UserWarning: Future Hydra versions will no longer change working directory at job runtime by default.
See https://hydra.cc/docs/1.2/upgrades/1.1_to_1.2/changes_to_job_working_dir/ for more information.
  ret = run_job(
[[36m04-14 11:42:34[0m][[34mdemucs.train[0m][[32mINFO[0m] - For logs, checkpoints and samples check /project/6002780/kaim/demucs/outputs/xps/8ad9d354[0m
wandb: Appending key for api.wandb.ai to your netrc file: /home/kaim/.netrc
wandb: Currently logged in as: kaimikkelsen (kaimikkelsen-mcgill-university) to https://api.wandb.ai. Use `wandb login --relogin` to force relogin
wandb: Using wandb-core as the SDK backend.  Please refer to https://wandb.me/wandb-core for more information.
wandb: Tracking run with wandb version 0.19.6
wandb: Run data is saved locally in /project/6002780/kaim/demucs/outputs/xps/8ad9d354/wandb/run-20250414_114234-i9ymcryr
wandb: Run `wandb offline` to turn off syncing.
wandb: Syncing run demucs_2025-04-14
wandb: ⭐️ View project at https://wandb.ai/kaimikkelsen-mcgill-university/demucs
wandb: 🚀 View run at https://wandb.ai/kaimikkelsen-mcgill-university/demucs/runs/i9ymcryr
[[36m04-14 11:42:38[0m][[34mdora.distrib[0m][[32mINFO[0m] - world_size is 1, skipping init.[0m
musdb dataset
train_path /home/kaim/scratch/MUSDB18HQ/train
valid_path /home/kaim/scratch/MUSDB18HQ/valid
Valid path exists: True
metadata_file /project/6002780/kaim/demucs/metadata/musdb_6c8313ae.json
metadata path /project/6002780/kaim/demucs/metadata
after 14
valid sampled
[[36m04-14 11:42:47[0m][[34mdemucs.train[0m][[32mINFO[0m] - train/valid set size: 18368 14[0m
[[36m04-14 11:42:47[0m][[34mdemucs.solver[0m][[32mINFO[0m] - Loading checkpoint model: /project/6002780/kaim/demucs/outputs/xps/8ad9d354/checkpoint.th[0m
[[36m04-14 11:42:51[0m][[34mdemucs.solver[0m][[32mINFO[0m] - Replaying metrics from previous run[0m
[[36m04-14 11:42:51[0m][[34mdemucs.solver[0m][[32mINFO[0m] - [1mTrain Summary | Epoch 1 | Loss=0.1659 | Reco=0.1659 | Grad=0.0818[0m
[[36m04-14 11:42:51[0m][[34mdemucs.solver[0m][[32mINFO[0m] - [1mValid Summary | Epoch 1 | Loss=0.2207 | Reco=0.2207 | Nsdr=3.522 | Best=0.2207 | Bname=main[0m
[[36m04-14 11:42:51[0m][[34mdemucs.solver[0m][[32mINFO[0m] - [1mTrain Summary | Epoch 2 | Loss=0.1401 | Reco=0.1401 | Grad=0.0848[0m
[[36m04-14 11:42:51[0m][[34mdemucs.solver[0m][[32mINFO[0m] - [1mValid Summary | Epoch 2 | Loss=0.2021 | Reco=0.2021 | Nsdr=4.227 | Best=0.2021 | Bname=main[0m
[[36m04-14 11:42:51[0m][[34mdemucs.solver[0m][[32mINFO[0m] - [1mTrain Summary | Epoch 3 | Loss=0.1303 | Reco=0.1303 | Grad=0.0836[0m
[[36m04-14 11:42:51[0m][[34mdemucs.solver[0m][[32mINFO[0m] - [1mValid Summary | Epoch 3 | Loss=0.1966 | Reco=0.1966 | Nsdr=4.431 | Best=0.1966 | Bname=main[0m
[[36m04-14 11:42:51[0m][[34mdemucs.solver[0m][[32mINFO[0m] - [1mTrain Summary | Epoch 4 | Loss=0.1232 | Reco=0.1232 | Grad=0.0810[0m
[[36m04-14 11:42:51[0m][[34mdemucs.solver[0m][[32mINFO[0m] - [1mValid Summary | Epoch 4 | Loss=0.1915 | Reco=0.1915 | Nsdr=4.691 | Best=0.1915 | Bname=main[0m
[[36m04-14 11:42:51[0m][[34mdemucs.solver[0m][[32mINFO[0m] - [1mTrain Summary | Epoch 5 | Loss=0.1182 | Reco=0.1182 | Grad=0.0776[0m
[[36m04-14 11:42:51[0m][[34mdemucs.solver[0m][[32mINFO[0m] - [1mValid Summary | Epoch 5 | Loss=0.1864 | Reco=0.1864 | Nsdr=4.866 | Best=0.1864 | Bname=main[0m
[[36m04-14 11:42:51[0m][[34mdemucs.solver[0m][[32mINFO[0m] - [1mTrain Summary | Epoch 6 | Loss=0.1139 | Reco=0.1139 | Grad=0.0782[0m
[[36m04-14 11:42:51[0m][[34mdemucs.solver[0m][[32mINFO[0m] - [1mValid Summary | Epoch 6 | Loss=0.1871 | Reco=0.1871 | Nsdr=4.947 | Best=0.1864 | Bname=main[0m
[[36m04-14 11:42:51[0m][[34mdemucs.solver[0m][[32mINFO[0m] - [1mTrain Summary | Epoch 7 | Loss=0.1107 | Reco=0.1107 | Grad=0.0761[0m
[[36m04-14 11:42:51[0m][[34mdemucs.solver[0m][[32mINFO[0m] - [1mValid Summary | Epoch 7 | Loss=0.1816 | Reco=0.1816 | Nsdr=5.082 | Best=0.1816 | Bname=main[0m
[[36m04-14 11:42:51[0m][[34mdemucs.solver[0m][[32mINFO[0m] - [1mTrain Summary | Epoch 8 | Loss=0.1084 | Reco=0.1084 | Grad=0.0775[0m
[[36m04-14 11:42:51[0m][[34mdemucs.solver[0m][[32mINFO[0m] - [1mValid Summary | Epoch 8 | Loss=0.1780 | Reco=0.1780 | Nsdr=5.266 | Best=0.1780 | Bname=main[0m
[[36m04-14 11:42:51[0m][[34mdemucs.solver[0m][[32mINFO[0m] - [1mTrain Summary | Epoch 9 | Loss=0.1055 | Reco=0.1055 | Grad=0.0751[0m
[[36m04-14 11:42:51[0m][[34mdemucs.solver[0m][[32mINFO[0m] - [1mValid Summary | Epoch 9 | Loss=0.1797 | Reco=0.1797 | Nsdr=5.188 | Best=0.1780 | Bname=main[0m
[[36m04-14 11:42:51[0m][[34mdemucs.solver[0m][[32mINFO[0m] - [1mTrain Summary | Epoch 10 | Loss=0.1032 | Reco=0.1032 | Grad=0.0729[0m
[[36m04-14 11:42:51[0m][[34mdemucs.solver[0m][[32mINFO[0m] - [1mValid Summary | Epoch 10 | Loss=0.1734 | Reco=0.1734 | Nsdr=5.473 | Best=0.1734 | Bname=main[0m
[[36m04-14 11:42:51[0m][[34mdemucs.solver[0m][[32mINFO[0m] - [1mTrain Summary | Epoch 11 | Loss=0.1014 | Reco=0.1014 | Grad=0.0720[0m
[[36m04-14 11:42:51[0m][[34mdemucs.solver[0m][[32mINFO[0m] - [1mValid Summary | Epoch 11 | Loss=0.1741 | Reco=0.1741 | Nsdr=5.479 | Best=0.1734 | Bname=main[0m
[[36m04-14 11:42:51[0m][[34mdemucs.solver[0m][[32mINFO[0m] - [1mTrain Summary | Epoch 12 | Loss=0.1000 | Reco=0.1000 | Grad=0.0735[0m
[[36m04-14 11:42:51[0m][[34mdemucs.solver[0m][[32mINFO[0m] - [1mValid Summary | Epoch 12 | Loss=0.1741 | Reco=0.1741 | Nsdr=5.492 | Best=0.1734 | Bname=main[0m
[[36m04-14 11:42:51[0m][[34mdemucs.solver[0m][[32mINFO[0m] - [1mTrain Summary | Epoch 13 | Loss=0.0987 | Reco=0.0987 | Grad=0.0708[0m
[[36m04-14 11:42:51[0m][[34mdemucs.solver[0m][[32mINFO[0m] - [1mValid Summary | Epoch 13 | Loss=0.1711 | Reco=0.1711 | Nsdr=5.647 | Best=0.1711 | Bname=main[0m
[[36m04-14 11:42:51[0m][[34mdemucs.solver[0m][[32mINFO[0m] - [1mTrain Summary | Epoch 14 | Loss=0.0977 | Reco=0.0977 | Grad=0.0707[0m
[[36m04-14 11:42:51[0m][[34mdemucs.solver[0m][[32mINFO[0m] - [1mValid Summary | Epoch 14 | Loss=0.1692 | Reco=0.1692 | Nsdr=5.694 | Best=0.1692 | Bname=main[0m
[[36m04-14 11:42:51[0m][[34mdemucs.solver[0m][[32mINFO[0m] - [1mTrain Summary | Epoch 15 | Loss=0.0961 | Reco=0.0961 | Grad=0.0702[0m
[[36m04-14 11:42:51[0m][[34mdemucs.solver[0m][[32mINFO[0m] - [1mValid Summary | Epoch 15 | Loss=0.1700 | Reco=0.1700 | Nsdr=5.671 | Best=0.1692 | Bname=main[0m
[[36m04-14 11:42:51[0m][[34mdemucs.solver[0m][[32mINFO[0m] - [1mTrain Summary | Epoch 16 | Loss=0.0952 | Reco=0.0952 | Grad=0.0697[0m
[[36m04-14 11:42:51[0m][[34mdemucs.solver[0m][[32mINFO[0m] - [1mValid Summary | Epoch 16 | Loss=0.1675 | Reco=0.1675 | Nsdr=5.783 | Best=0.1675 | Bname=main[0m
[[36m04-14 11:42:51[0m][[34mdemucs.solver[0m][[32mINFO[0m] - [1mTrain Summary | Epoch 17 | Loss=0.0942 | Reco=0.0942 | Grad=0.0678[0m
[[36m04-14 11:42:51[0m][[34mdemucs.solver[0m][[32mINFO[0m] - [1mValid Summary | Epoch 17 | Loss=0.1660 | Reco=0.1660 | Nsdr=5.874 | Best=0.1660 | Bname=main[0m
[[36m04-14 11:42:51[0m][[34mdemucs.solver[0m][[32mINFO[0m] - [1mTrain Summary | Epoch 18 | Loss=0.0935 | Reco=0.0935 | Grad=0.0674[0m
[[36m04-14 11:42:51[0m][[34mdemucs.solver[0m][[32mINFO[0m] - [1mValid Summary | Epoch 18 | Loss=0.1675 | Reco=0.1675 | Nsdr=5.780 | Best=0.1660 | Bname=main[0m
[[36m04-14 11:42:51[0m][[34mdemucs.solver[0m][[32mINFO[0m] - [1mTrain Summary | Epoch 19 | Loss=0.0924 | Reco=0.0924 | Grad=0.0681[0m
[[36m04-14 11:42:51[0m][[34mdemucs.solver[0m][[32mINFO[0m] - [1mValid Summary | Epoch 19 | Loss=0.1645 | Reco=0.1645 | Nsdr=5.977 | Best=0.1645 | Bname=main[0m
[[36m04-14 11:42:51[0m][[34mdemucs.solver[0m][[32mINFO[0m] - [1mTrain Summary | Epoch 20 | Loss=0.0917 | Reco=0.0917 | Grad=0.0672[0m
[[36m04-14 11:42:51[0m][[34mdemucs.solver[0m][[32mINFO[0m] - [1mValid Summary | Epoch 20 | Loss=0.1647 | Reco=0.1647 | Nsdr=5.947 | Best=0.1645 | Bname=main[0m
[[36m04-14 11:42:51[0m][[34mdemucs.solver[0m][[32mINFO[0m] - [1mTest Summary | Epoch 20 | Nsdr=5.260 | Nsdr_drums=6.144 | Nsdr_bass=4.946 | Nsdr_other=3.776 | Nsdr_vocals=6.176[0m
[[36m04-14 11:42:51[0m][[34mdemucs.solver[0m][[32mINFO[0m] - [1mTrain Summary | Epoch 21 | Loss=0.0912 | Reco=0.0912 | Grad=0.0664[0m
[[36m04-14 11:42:51[0m][[34mdemucs.solver[0m][[32mINFO[0m] - [1mValid Summary | Epoch 21 | Loss=0.1616 | Reco=0.1616 | Nsdr=6.080 | Best=0.1616 | Bname=main[0m
[[36m04-14 11:42:51[0m][[34mdemucs.solver[0m][[32mINFO[0m] - [1mTrain Summary | Epoch 22 | Loss=0.0902 | Reco=0.0902 | Grad=0.0654[0m
[[36m04-14 11:42:51[0m][[34mdemucs.solver[0m][[32mINFO[0m] - [1mValid Summary | Epoch 22 | Loss=0.1620 | Reco=0.1620 | Nsdr=6.109 | Best=0.1616 | Bname=main[0m
[[36m04-14 11:42:51[0m][[34mdemucs.solver[0m][[32mINFO[0m] - [1mTrain Summary | Epoch 23 | Loss=0.0895 | Reco=0.0895 | Grad=0.0654[0m
[[36m04-14 11:42:51[0m][[34mdemucs.solver[0m][[32mINFO[0m] - [1mValid Summary | Epoch 23 | Loss=0.1609 | Reco=0.1609 | Nsdr=6.085 | Best=0.1609 | Bname=main[0m
[[36m04-14 11:42:51[0m][[34mdemucs.solver[0m][[32mINFO[0m] - [1mTrain Summary | Epoch 24 | Loss=0.0892 | Reco=0.0892 | Grad=0.0663[0m
[[36m04-14 11:42:51[0m][[34mdemucs.solver[0m][[32mINFO[0m] - [1mValid Summary | Epoch 24 | Loss=0.1620 | Reco=0.1620 | Nsdr=6.097 | Best=0.1609 | Bname=main[0m
[[36m04-14 11:42:51[0m][[34mdemucs.solver[0m][[32mINFO[0m] - [1mTrain Summary | Epoch 25 | Loss=0.0886 | Reco=0.0886 | Grad=0.0639[0m
[[36m04-14 11:42:51[0m][[34mdemucs.solver[0m][[32mINFO[0m] - [1mValid Summary | Epoch 25 | Loss=0.1604 | Reco=0.1604 | Nsdr=6.149 | Best=0.1604 | Bname=main[0m
[[36m04-14 11:42:51[0m][[34mdemucs.solver[0m][[32mINFO[0m] - [1mTrain Summary | Epoch 26 | Loss=0.0879 | Reco=0.0879 | Grad=0.0649[0m
[[36m04-14 11:42:51[0m][[34mdemucs.solver[0m][[32mINFO[0m] - [1mValid Summary | Epoch 26 | Loss=0.1599 | Reco=0.1599 | Nsdr=6.229 | Best=0.1599 | Bname=main[0m
[[36m04-14 11:42:51[0m][[34mdemucs.solver[0m][[32mINFO[0m] - [1mTrain Summary | Epoch 27 | Loss=0.0874 | Reco=0.0874 | Grad=0.0640[0m
[[36m04-14 11:42:51[0m][[34mdemucs.solver[0m][[32mINFO[0m] - [1mValid Summary | Epoch 27 | Loss=0.1582 | Reco=0.1582 | Nsdr=6.297 | Best=0.1582 | Bname=main[0m
[[36m04-14 11:42:51[0m][[34mdemucs.solver[0m][[32mINFO[0m] - [1mTrain Summary | Epoch 28 | Loss=0.0872 | Reco=0.0872 | Grad=0.0650[0m
[[36m04-14 11:42:51[0m][[34mdemucs.solver[0m][[32mINFO[0m] - [1mValid Summary | Epoch 28 | Loss=0.1589 | Reco=0.1589 | Nsdr=6.258 | Best=0.1582 | Bname=main[0m
[[36m04-14 11:42:51[0m][[34mdemucs.solver[0m][[32mINFO[0m] - [1mTrain Summary | Epoch 29 | Loss=0.0865 | Reco=0.0865 | Grad=0.0632[0m
[[36m04-14 11:42:51[0m][[34mdemucs.solver[0m][[32mINFO[0m] - [1mValid Summary | Epoch 29 | Loss=0.1580 | Reco=0.1580 | Nsdr=6.321 | Best=0.1580 | Bname=main[0m
[[36m04-14 11:42:51[0m][[34mdemucs.solver[0m][[32mINFO[0m] - [1mTrain Summary | Epoch 30 | Loss=0.0862 | Reco=0.0862 | Grad=0.0634[0m
[[36m04-14 11:42:51[0m][[34mdemucs.solver[0m][[32mINFO[0m] - [1mValid Summary | Epoch 30 | Loss=0.1580 | Reco=0.1580 | Nsdr=6.323 | Best=0.1580 | Bname=main[0m
[[36m04-14 11:42:51[0m][[34mdemucs.solver[0m][[32mINFO[0m] - [1mTrain Summary | Epoch 31 | Loss=0.0855 | Reco=0.0855 | Grad=0.0629[0m
[[36m04-14 11:42:51[0m][[34mdemucs.solver[0m][[32mINFO[0m] - [1mValid Summary | Epoch 31 | Loss=0.1569 | Reco=0.1569 | Nsdr=6.385 | Best=0.1569 | Bname=main[0m
[[36m04-14 11:42:51[0m][[34mdemucs.solver[0m][[32mINFO[0m] - ----------------------------------------------------------------------[0m
[[36m04-14 11:42:51[0m][[34mdemucs.solver[0m][[32mINFO[0m] - Training...[0m
running 1 epoch
logging progress
[[36m04-14 11:43:21[0m][[34mdemucs.solver[0m][[32mINFO[0m] - Epoch 32 - Step 1/2296 - Loss: 0.0562[0m
[[36m04-14 11:45:51[0m][[34mdemucs.solver[0m][[32mINFO[0m] - Epoch 32 - Step 101/2296 - Loss: 0.0888[0m
[[36m04-14 11:47:52[0m][[34mdemucs.solver[0m][[32mINFO[0m] - Epoch 32 - Step 201/2296 - Loss: 0.0710[0m
[[36m04-14 11:49:54[0m][[34mdemucs.solver[0m][[32mINFO[0m] - Epoch 32 - Step 301/2296 - Loss: 0.0532[0m
[[36m04-14 11:51:55[0m][[34mdemucs.solver[0m][[32mINFO[0m] - Epoch 32 - Step 401/2296 - Loss: 0.0899[0m
[[36m04-14 11:53:56[0m][[34mdemucs.solver[0m][[32mINFO[0m] - Epoch 32 - Step 501/2296 - Loss: 0.0748[0m
[[36m04-14 11:55:27[0m][[34mdemucs.solver[0m][[32mINFO[0m] - Train | Epoch 32 | 574/2296 | 0.76 it/sec | Loss 0.0851 | Reco 0.0851 | Grad 0.0622[0m
[[36m04-14 11:55:58[0m][[34mdemucs.solver[0m][[32mINFO[0m] - Epoch 32 - Step 601/2296 - Loss: 0.0861[0m
[[36m04-14 11:57:59[0m][[34mdemucs.solver[0m][[32mINFO[0m] - Epoch 32 - Step 701/2296 - Loss: 0.0700[0m
[[36m04-14 12:00:01[0m][[34mdemucs.solver[0m][[32mINFO[0m] - Epoch 32 - Step 801/2296 - Loss: 0.0874[0m
[[36m04-14 12:02:05[0m][[34mdemucs.solver[0m][[32mINFO[0m] - Epoch 32 - Step 901/2296 - Loss: 0.0805[0m
[[36m04-14 12:04:06[0m][[34mdemucs.solver[0m][[32mINFO[0m] - Epoch 32 - Step 1001/2296 - Loss: 0.0733[0m
[[36m04-14 12:06:07[0m][[34mdemucs.solver[0m][[32mINFO[0m] - Epoch 32 - Step 1101/2296 - Loss: 0.0846[0m
[[36m04-14 12:07:06[0m][[34mdemucs.solver[0m][[32mINFO[0m] - Train | Epoch 32 | 1148/2296 | 0.79 it/sec | Loss 0.0852 | Reco 0.0852 | Grad 0.0625[0m
[[36m04-14 12:08:09[0m][[34mdemucs.solver[0m][[32mINFO[0m] - Epoch 32 - Step 1201/2296 - Loss: 0.0841[0m
[[36m04-14 12:10:10[0m][[34mdemucs.solver[0m][[32mINFO[0m] - Epoch 32 - Step 1301/2296 - Loss: 0.0849[0m
[[36m04-14 12:12:11[0m][[34mdemucs.solver[0m][[32mINFO[0m] - Epoch 32 - Step 1401/2296 - Loss: 0.0617[0m
[[36m04-14 12:14:13[0m][[34mdemucs.solver[0m][[32mINFO[0m] - Epoch 32 - Step 1501/2296 - Loss: 0.0739[0m
[[36m04-14 12:16:14[0m][[34mdemucs.solver[0m][[32mINFO[0m] - Epoch 32 - Step 1601/2296 - Loss: 0.0711[0m
[[36m04-14 12:18:15[0m][[34mdemucs.solver[0m][[32mINFO[0m] - Epoch 32 - Step 1701/2296 - Loss: 0.0788[0m
[[36m04-14 12:18:43[0m][[34mdemucs.solver[0m][[32mINFO[0m] - Train | Epoch 32 | 1722/2296 | 0.80 it/sec | Loss 0.0852 | Reco 0.0852 | Grad 0.0636[0m
[[36m04-14 12:20:17[0m][[34mdemucs.solver[0m][[32mINFO[0m] - Epoch 32 - Step 1801/2296 - Loss: 0.1053[0m
[[36m04-14 12:22:18[0m][[34mdemucs.solver[0m][[32mINFO[0m] - Epoch 32 - Step 1901/2296 - Loss: 0.0973[0m
[[36m04-14 12:24:20[0m][[34mdemucs.solver[0m][[32mINFO[0m] - Epoch 32 - Step 2001/2296 - Loss: 0.0625[0m
[[36m04-14 12:26:21[0m][[34mdemucs.solver[0m][[32mINFO[0m] - Epoch 32 - Step 2101/2296 - Loss: 0.0909[0m
[[36m04-14 12:28:22[0m][[34mdemucs.solver[0m][[32mINFO[0m] - Epoch 32 - Step 2201/2296 - Loss: 0.1153[0m
done running 1 epoch
[[36m04-14 12:30:22[0m][[34mdemucs.solver[0m][[32mINFO[0m] - [1mTrain Summary | Epoch 32 | Loss=0.0852 | Reco=0.0852 | Grad=0.0642[0m
[[36m04-14 12:30:22[0m][[34mdemucs.solver[0m][[32mINFO[0m] - ----------------------------------------------------------------------[0m
[[36m04-14 12:30:22[0m][[34mdemucs.solver[0m][[32mINFO[0m] - Cross validation...[0m
logging progress
[[36m04-14 12:30:40[0m][[34mdemucs.solver[0m][[32mINFO[0m] - Epoch 32 - Step 1/30.218088150024414 - Loss: 0.1326[0m
[[36m04-14 12:30:49[0m][[34mdemucs.solver[0m][[32mINFO[0m] - Valid | Epoch 32 | 3/14 | 0.15 it/sec | Loss 0.1369 | Reco 0.1369 | Nsdr 7.238[0m
[[36m04-14 12:30:58[0m][[34mdemucs.solver[0m][[32mINFO[0m] - Valid | Epoch 32 | 6/14 | 0.19 it/sec | Loss 0.1390 | Reco 0.1390 | Nsdr 7.331[0m
[[36m04-14 12:31:07[0m][[34mdemucs.solver[0m][[32mINFO[0m] - Valid | Epoch 32 | 9/14 | 0.22 it/sec | Loss 0.1419 | Reco 0.1419 | Nsdr 6.903[0m
[[36m04-14 12:31:16[0m][[34mdemucs.solver[0m][[32mINFO[0m] - Valid | Epoch 32 | 12/14 | 0.24 it/sec | Loss 0.1527 | Reco 0.1527 | Nsdr 6.498[0m
[[36m04-14 12:31:20[0m][[34mdemucs.solver[0m][[32mINFO[0m] - [1mValid Summary | Epoch 32 | Loss=0.1583 | Reco=0.1583 | Nsdr=6.258 | Best=0.1569 | Bname=main[0m
[[36m04-14 12:31:22[0m][[34mdemucs.solver[0m][[32mINFO[0m] - ----------------------------------------------------------------------[0m
[[36m04-14 12:31:22[0m][[34mdemucs.solver[0m][[32mINFO[0m] - Training...[0m
running 1 epoch
logging progress
[[36m04-14 12:31:25[0m][[34mdemucs.solver[0m][[32mINFO[0m] - Epoch 33 - Step 1/2296 - Loss: 0.0589[0m
[[36m04-14 12:33:26[0m][[34mdemucs.solver[0m][[32mINFO[0m] - Epoch 33 - Step 101/2296 - Loss: 0.1249[0m
[[36m04-14 12:35:28[0m][[34mdemucs.solver[0m][[32mINFO[0m] - Epoch 33 - Step 201/2296 - Loss: 0.0973[0m
[[36m04-14 12:37:29[0m][[34mdemucs.solver[0m][[32mINFO[0m] - Epoch 33 - Step 301/2296 - Loss: 0.0865[0m
[[36m04-14 12:39:30[0m][[34mdemucs.solver[0m][[32mINFO[0m] - Epoch 33 - Step 401/2296 - Loss: 0.1132[0m
[[36m04-14 12:41:31[0m][[34mdemucs.solver[0m][[32mINFO[0m] - Epoch 33 - Step 501/2296 - Loss: 0.0810[0m
[[36m04-14 12:43:02[0m][[34mdemucs.solver[0m][[32mINFO[0m] - Train | Epoch 33 | 574/2296 | 0.82 it/sec | Loss 0.0846 | Reco 0.0846 | Grad 0.0621[0m
[[36m04-14 12:43:33[0m][[34mdemucs.solver[0m][[32mINFO[0m] - Epoch 33 - Step 601/2296 - Loss: 0.0921[0m
[[36m04-14 12:45:34[0m][[34mdemucs.solver[0m][[32mINFO[0m] - Epoch 33 - Step 701/2296 - Loss: 0.0733[0m
[[36m04-14 12:47:35[0m][[34mdemucs.solver[0m][[32mINFO[0m] - Epoch 33 - Step 801/2296 - Loss: 0.0837[0m
[[36m04-14 12:49:37[0m][[34mdemucs.solver[0m][[32mINFO[0m] - Epoch 33 - Step 901/2296 - Loss: 0.0981[0m
[[36m04-14 12:51:38[0m][[34mdemucs.solver[0m][[32mINFO[0m] - Epoch 33 - Step 1001/2296 - Loss: 0.1130[0m
[[36m04-14 12:53:39[0m][[34mdemucs.solver[0m][[32mINFO[0m] - Epoch 33 - Step 1101/2296 - Loss: 0.0609[0m
[[36m04-14 12:54:38[0m][[34mdemucs.solver[0m][[32mINFO[0m] - Train | Epoch 33 | 1148/2296 | 0.82 it/sec | Loss 0.0847 | Reco 0.0847 | Grad 0.0632[0m
[[36m04-14 12:55:41[0m][[34mdemucs.solver[0m][[32mINFO[0m] - Epoch 33 - Step 1201/2296 - Loss: 0.0743[0m
[[36m04-14 12:57:45[0m][[34mdemucs.solver[0m][[32mINFO[0m] - Epoch 33 - Step 1301/2296 - Loss: 0.0852[0m
[[36m04-14 12:59:46[0m][[34mdemucs.solver[0m][[32mINFO[0m] - Epoch 33 - Step 1401/2296 - Loss: 0.1029[0m
[[36m04-14 13:01:48[0m][[34mdemucs.solver[0m][[32mINFO[0m] - Epoch 33 - Step 1501/2296 - Loss: 0.0812[0m
[[36m04-14 13:03:49[0m][[34mdemucs.solver[0m][[32mINFO[0m] - Epoch 33 - Step 1601/2296 - Loss: 0.1089[0m
[[36m04-14 13:06:30[0m][[34mdemucs.solver[0m][[32mINFO[0m] - Epoch 33 - Step 1701/2296 - Loss: 0.0872[0m
[[36m04-14 13:06:58[0m][[34mdemucs.solver[0m][[32mINFO[0m] - Train | Epoch 33 | 1722/2296 | 0.81 it/sec | Loss 0.0845 | Reco 0.0845 | Grad 0.0633[0m
[[36m04-14 13:08:32[0m][[34mdemucs.solver[0m][[32mINFO[0m] - Epoch 33 - Step 1801/2296 - Loss: 0.1026[0m
[[36m04-14 13:10:33[0m][[34mdemucs.solver[0m][[32mINFO[0m] - Epoch 33 - Step 1901/2296 - Loss: 0.1017[0m
[[36m04-14 13:12:35[0m][[34mdemucs.solver[0m][[32mINFO[0m] - Epoch 33 - Step 2001/2296 - Loss: 0.0930[0m
[[36m04-14 13:14:36[0m][[34mdemucs.solver[0m][[32mINFO[0m] - Epoch 33 - Step 2101/2296 - Loss: 0.0859[0m
[[36m04-14 13:16:37[0m][[34mdemucs.solver[0m][[32mINFO[0m] - Epoch 33 - Step 2201/2296 - Loss: 0.0994[0m
done running 1 epoch
[[36m04-14 13:18:34[0m][[34mdemucs.solver[0m][[32mINFO[0m] - [1mTrain Summary | Epoch 33 | Loss=0.0850 | Reco=0.0850 | Grad=0.0635[0m
[[36m04-14 13:18:34[0m][[34mdemucs.solver[0m][[32mINFO[0m] - ----------------------------------------------------------------------[0m
[[36m04-14 13:18:34[0m][[34mdemucs.solver[0m][[32mINFO[0m] - Cross validation...[0m
logging progress
[[36m04-14 13:18:40[0m][[34mdemucs.solver[0m][[32mINFO[0m] - Epoch 33 - Step 1/32.60271453857422 - Loss: 0.1237[0m
[[36m04-14 13:18:48[0m][[34mdemucs.solver[0m][[32mINFO[0m] - Valid | Epoch 33 | 3/14 | 0.28 it/sec | Loss 0.1342 | Reco 0.1342 | Nsdr 7.401[0m
[[36m04-14 13:18:57[0m][[34mdemucs.solver[0m][[32mINFO[0m] - Valid | Epoch 33 | 6/14 | 0.31 it/sec | Loss 0.1372 | Reco 0.1372 | Nsdr 7.485[0m
[[36m04-14 13:19:06[0m][[34mdemucs.solver[0m][[32mINFO[0m] - Valid | Epoch 33 | 9/14 | 0.32 it/sec | Loss 0.1412 | Reco 0.1412 | Nsdr 6.999[0m
[[36m04-14 13:19:15[0m][[34mdemucs.solver[0m][[32mINFO[0m] - Valid | Epoch 33 | 12/14 | 0.32 it/sec | Loss 0.1518 | Reco 0.1518 | Nsdr 6.598[0m
[[36m04-14 13:19:19[0m][[34mdemucs.solver[0m][[32mINFO[0m] - [1mValid Summary | Epoch 33 | Loss=0.1576 | Reco=0.1576 | Nsdr=6.349 | Best=0.1569 | Bname=main[0m
[[36m04-14 13:19:21[0m][[34mdemucs.solver[0m][[32mINFO[0m] - ----------------------------------------------------------------------[0m
[[36m04-14 13:19:21[0m][[34mdemucs.solver[0m][[32mINFO[0m] - Training...[0m
running 1 epoch
logging progress
[[36m04-14 13:19:24[0m][[34mdemucs.solver[0m][[32mINFO[0m] - Epoch 34 - Step 1/2296 - Loss: 0.0593[0m
[[36m04-14 13:21:25[0m][[34mdemucs.solver[0m][[32mINFO[0m] - Epoch 34 - Step 101/2296 - Loss: 0.0946[0m
[[36m04-14 13:23:29[0m][[34mdemucs.solver[0m][[32mINFO[0m] - Epoch 34 - Step 201/2296 - Loss: 0.1013[0m
[[36m04-14 13:25:31[0m][[34mdemucs.solver[0m][[32mINFO[0m] - Epoch 34 - Step 301/2296 - Loss: 0.0772[0m
[[36m04-14 13:27:32[0m][[34mdemucs.solver[0m][[32mINFO[0m] - Epoch 34 - Step 401/2296 - Loss: 0.0931[0m
[[36m04-14 13:29:34[0m][[34mdemucs.solver[0m][[32mINFO[0m] - Epoch 34 - Step 501/2296 - Loss: 0.0798[0m
[[36m04-14 13:31:04[0m][[34mdemucs.solver[0m][[32mINFO[0m] - Train | Epoch 34 | 574/2296 | 0.82 it/sec | Loss 0.0850 | Reco 0.0850 | Grad 0.0624[0m
[[36m04-14 13:31:35[0m][[34mdemucs.solver[0m][[32mINFO[0m] - Epoch 34 - Step 601/2296 - Loss: 0.0861[0m
[[36m04-14 13:33:36[0m][[34mdemucs.solver[0m][[32mINFO[0m] - Epoch 34 - Step 701/2296 - Loss: 0.0719[0m
[[36m04-14 13:35:38[0m][[34mdemucs.solver[0m][[32mINFO[0m] - Epoch 34 - Step 801/2296 - Loss: 0.0813[0m
[[36m04-14 13:37:39[0m][[34mdemucs.solver[0m][[32mINFO[0m] - Epoch 34 - Step 901/2296 - Loss: 0.0934[0m
[[36m04-14 13:39:41[0m][[34mdemucs.solver[0m][[32mINFO[0m] - Epoch 34 - Step 1001/2296 - Loss: 0.0986[0m
[[36m04-14 13:41:42[0m][[34mdemucs.solver[0m][[32mINFO[0m] - Epoch 34 - Step 1101/2296 - Loss: 0.0743[0m
[[36m04-14 13:42:41[0m][[34mdemucs.solver[0m][[32mINFO[0m] - Train | Epoch 34 | 1148/2296 | 0.82 it/sec | Loss 0.0846 | Reco 0.0846 | Grad 0.0617[0m
[[36m04-14 13:43:43[0m][[34mdemucs.solver[0m][[32mINFO[0m] - Epoch 34 - Step 1201/2296 - Loss: 0.1029[0m
[[36m04-14 13:45:45[0m][[34mdemucs.solver[0m][[32mINFO[0m] - Epoch 34 - Step 1301/2296 - Loss: 0.1039[0m
[[36m04-14 13:47:46[0m][[34mdemucs.solver[0m][[32mINFO[0m] - Epoch 34 - Step 1401/2296 - Loss: 0.0643[0m
[[36m04-14 13:49:47[0m][[34mdemucs.solver[0m][[32mINFO[0m] - Epoch 34 - Step 1501/2296 - Loss: 0.0792[0m
[[36m04-14 13:51:52[0m][[34mdemucs.solver[0m][[32mINFO[0m] - Epoch 34 - Step 1601/2296 - Loss: 0.0838[0m
[[36m04-14 13:53:53[0m][[34mdemucs.solver[0m][[32mINFO[0m] - Epoch 34 - Step 1701/2296 - Loss: 0.0802[0m
[[36m04-14 13:54:20[0m][[34mdemucs.solver[0m][[32mINFO[0m] - Train | Epoch 34 | 1722/2296 | 0.82 it/sec | Loss 0.0845 | Reco 0.0845 | Grad 0.0616[0m
[[36m04-14 13:55:54[0m][[34mdemucs.solver[0m][[32mINFO[0m] - Epoch 34 - Step 1801/2296 - Loss: 0.0803[0m
[[36m04-14 13:57:56[0m][[34mdemucs.solver[0m][[32mINFO[0m] - Epoch 34 - Step 1901/2296 - Loss: 0.0791[0m
[[36m04-14 13:59:57[0m][[34mdemucs.solver[0m][[32mINFO[0m] - Epoch 34 - Step 2001/2296 - Loss: 0.0671[0m
[[36m04-14 14:01:59[0m][[34mdemucs.solver[0m][[32mINFO[0m] - Epoch 34 - Step 2101/2296 - Loss: 0.0986[0m
[[36m04-14 14:04:00[0m][[34mdemucs.solver[0m][[32mINFO[0m] - Epoch 34 - Step 2201/2296 - Loss: 0.0776[0m
done running 1 epoch
[[36m04-14 14:05:57[0m][[34mdemucs.solver[0m][[32mINFO[0m] - [1mTrain Summary | Epoch 34 | Loss=0.0843 | Reco=0.0843 | Grad=0.0617[0m
[[36m04-14 14:05:57[0m][[34mdemucs.solver[0m][[32mINFO[0m] - ----------------------------------------------------------------------[0m
[[36m04-14 14:05:57[0m][[34mdemucs.solver[0m][[32mINFO[0m] - Cross validation...[0m
logging progress
[[36m04-14 14:06:04[0m][[34mdemucs.solver[0m][[32mINFO[0m] - Epoch 34 - Step 1/31.896377563476562 - Loss: 0.1268[0m
[[36m04-14 14:06:12[0m][[34mdemucs.solver[0m][[32mINFO[0m] - Valid | Epoch 34 | 3/14 | 0.27 it/sec | Loss 0.1359 | Reco 0.1359 | Nsdr 7.341[0m
[[36m04-14 14:06:21[0m][[34mdemucs.solver[0m][[32mINFO[0m] - Valid | Epoch 34 | 6/14 | 0.30 it/sec | Loss 0.1385 | Reco 0.1385 | Nsdr 7.415[0m
[[36m04-14 14:06:29[0m][[34mdemucs.solver[0m][[32mINFO[0m] - Valid | Epoch 34 | 9/14 | 0.31 it/sec | Loss 0.1408 | Reco 0.1408 | Nsdr 7.030[0m
[[36m04-14 14:06:38[0m][[34mdemucs.solver[0m][[32mINFO[0m] - Valid | Epoch 34 | 12/14 | 0.32 it/sec | Loss 0.1512 | Reco 0.1512 | Nsdr 6.630[0m
[[36m04-14 14:06:43[0m][[34mdemucs.solver[0m][[32mINFO[0m] - [1mValid Summary | Epoch 34 | Loss=0.1572 | Reco=0.1572 | Nsdr=6.376 | Best=0.1569 | Bname=main[0m
[[36m04-14 14:06:44[0m][[34mdemucs.solver[0m][[32mINFO[0m] - ----------------------------------------------------------------------[0m
[[36m04-14 14:06:44[0m][[34mdemucs.solver[0m][[32mINFO[0m] - Training...[0m
running 1 epoch
logging progress
[[36m04-14 14:06:47[0m][[34mdemucs.solver[0m][[32mINFO[0m] - Epoch 35 - Step 1/2296 - Loss: 0.0917[0m
[[36m04-14 14:08:48[0m][[34mdemucs.solver[0m][[32mINFO[0m] - Epoch 35 - Step 101/2296 - Loss: 0.1035[0m
[[36m04-14 14:10:49[0m][[34mdemucs.solver[0m][[32mINFO[0m] - Epoch 35 - Step 201/2296 - Loss: 0.0903[0m
[[36m04-14 14:12:50[0m][[34mdemucs.solver[0m][[32mINFO[0m] - Epoch 35 - Step 301/2296 - Loss: 0.0996[0m
[[36m04-14 14:14:51[0m][[34mdemucs.solver[0m][[32mINFO[0m] - Epoch 35 - Step 401/2296 - Loss: 0.1190[0m
[[36m04-14 14:16:53[0m][[34mdemucs.solver[0m][[32mINFO[0m] - Epoch 35 - Step 501/2296 - Loss: 0.0498[0m
[[36m04-14 14:18:23[0m][[34mdemucs.solver[0m][[32mINFO[0m] - Train | Epoch 35 | 574/2296 | 0.82 it/sec | Loss 0.0843 | Reco 0.0843 | Grad 0.0603[0m
[[36m04-14 14:18:57[0m][[34mdemucs.solver[0m][[32mINFO[0m] - Epoch 35 - Step 601/2296 - Loss: 0.0936[0m
[[36m04-14 14:20:58[0m][[34mdemucs.solver[0m][[32mINFO[0m] - Epoch 35 - Step 701/2296 - Loss: 0.0748[0m
[[36m04-14 14:23:00[0m][[34mdemucs.solver[0m][[32mINFO[0m] - Epoch 35 - Step 801/2296 - Loss: 0.0926[0m
[[36m04-14 14:25:01[0m][[34mdemucs.solver[0m][[32mINFO[0m] - Epoch 35 - Step 901/2296 - Loss: 0.0870[0m
[[36m04-14 14:27:02[0m][[34mdemucs.solver[0m][[32mINFO[0m] - Epoch 35 - Step 1001/2296 - Loss: 0.1022[0m
[[36m04-14 14:29:04[0m][[34mdemucs.solver[0m][[32mINFO[0m] - Epoch 35 - Step 1101/2296 - Loss: 0.0725[0m
[[36m04-14 14:30:03[0m][[34mdemucs.solver[0m][[32mINFO[0m] - Train | Epoch 35 | 1148/2296 | 0.82 it/sec | Loss 0.0840 | Reco 0.0840 | Grad 0.0608[0m
[[36m04-14 14:31:05[0m][[34mdemucs.solver[0m][[32mINFO[0m] - Epoch 35 - Step 1201/2296 - Loss: 0.0776[0m
[[36m04-14 14:33:07[0m][[34mdemucs.solver[0m][[32mINFO[0m] - Epoch 35 - Step 1301/2296 - Loss: 0.0751[0m
[[36m04-14 14:35:08[0m][[34mdemucs.solver[0m][[32mINFO[0m] - Epoch 35 - Step 1401/2296 - Loss: 0.1091[0m
[[36m04-14 14:37:10[0m][[34mdemucs.solver[0m][[32mINFO[0m] - Epoch 35 - Step 1501/2296 - Loss: 0.0809[0m
[[36m04-14 14:39:11[0m][[34mdemucs.solver[0m][[32mINFO[0m] - Epoch 35 - Step 1601/2296 - Loss: 0.0984[0m
[[36m04-14 14:41:13[0m][[34mdemucs.solver[0m][[32mINFO[0m] - Epoch 35 - Step 1701/2296 - Loss: 0.1070[0m
[[36m04-14 14:41:40[0m][[34mdemucs.solver[0m][[32mINFO[0m] - Train | Epoch 35 | 1722/2296 | 0.82 it/sec | Loss 0.0838 | Reco 0.0838 | Grad 0.0607[0m
[[36m04-14 14:43:14[0m][[34mdemucs.solver[0m][[32mINFO[0m] - Epoch 35 - Step 1801/2296 - Loss: 0.0858[0m
[[36m04-14 14:45:15[0m][[34mdemucs.solver[0m][[32mINFO[0m] - Epoch 35 - Step 1901/2296 - Loss: 0.0680[0m
[[36m04-14 14:47:20[0m][[34mdemucs.solver[0m][[32mINFO[0m] - Epoch 35 - Step 2001/2296 - Loss: 0.1182[0m
[[36m04-14 14:49:21[0m][[34mdemucs.solver[0m][[32mINFO[0m] - Epoch 35 - Step 2101/2296 - Loss: 0.0857[0m
[[36m04-14 14:51:23[0m][[34mdemucs.solver[0m][[32mINFO[0m] - Epoch 35 - Step 2201/2296 - Loss: 0.0611[0m
done running 1 epoch
[[36m04-14 14:53:19[0m][[34mdemucs.solver[0m][[32mINFO[0m] - [1mTrain Summary | Epoch 35 | Loss=0.0837 | Reco=0.0837 | Grad=0.0614[0m
[[36m04-14 14:53:19[0m][[34mdemucs.solver[0m][[32mINFO[0m] - ----------------------------------------------------------------------[0m
[[36m04-14 14:53:19[0m][[34mdemucs.solver[0m][[32mINFO[0m] - Cross validation...[0m
logging progress
[[36m04-14 14:53:24[0m][[34mdemucs.solver[0m][[32mINFO[0m] - Epoch 35 - Step 1/32.452884674072266 - Loss: 0.1253[0m
[[36m04-14 14:53:33[0m][[34mdemucs.solver[0m][[32mINFO[0m] - Valid | Epoch 35 | 3/14 | 0.30 it/sec | Loss 0.1342 | Reco 0.1342 | Nsdr 7.450[0m
[[36m04-14 14:53:41[0m][[34mdemucs.solver[0m][[32mINFO[0m] - Valid | Epoch 35 | 6/14 | 0.32 it/sec | Loss 0.1382 | Reco 0.1382 | Nsdr 7.458[0m
[[36m04-14 14:53:50[0m][[34mdemucs.solver[0m][[32mINFO[0m] - Valid | Epoch 35 | 9/14 | 0.33 it/sec | Loss 0.1418 | Reco 0.1418 | Nsdr 7.026[0m
[[36m04-14 14:53:59[0m][[34mdemucs.solver[0m][[32mINFO[0m] - Valid | Epoch 35 | 12/14 | 0.33 it/sec | Loss 0.1512 | Reco 0.1512 | Nsdr 6.670[0m
[[36m04-14 14:54:03[0m][[34mdemucs.solver[0m][[32mINFO[0m] - [1mValid Summary | Epoch 35 | Loss=0.1567 | Reco=0.1567 | Nsdr=6.430 | Best=0.1567 | Bname=main[0m
[[36m04-14 14:54:03[0m][[34mdemucs.solver[0m][[32mINFO[0m] - [1mNew best valid loss 0.1567[0m
[[36m04-14 14:54:05[0m][[34mdemucs.solver[0m][[32mINFO[0m] - ----------------------------------------------------------------------[0m
[[36m04-14 14:54:05[0m][[34mdemucs.solver[0m][[32mINFO[0m] - Training...[0m
running 1 epoch
logging progress
[[36m04-14 14:54:07[0m][[34mdemucs.solver[0m][[32mINFO[0m] - Epoch 36 - Step 1/2296 - Loss: 0.0977[0m
[[36m04-14 14:56:08[0m][[34mdemucs.solver[0m][[32mINFO[0m] - Epoch 36 - Step 101/2296 - Loss: 0.0927[0m
[[36m04-14 14:58:09[0m][[34mdemucs.solver[0m][[32mINFO[0m] - Epoch 36 - Step 201/2296 - Loss: 0.0544[0m
[[36m04-14 15:00:11[0m][[34mdemucs.solver[0m][[32mINFO[0m] - Epoch 36 - Step 301/2296 - Loss: 0.0842[0m
[[36m04-14 15:02:12[0m][[34mdemucs.solver[0m][[32mINFO[0m] - Epoch 36 - Step 401/2296 - Loss: 0.0699[0m
[[36m04-14 15:04:14[0m][[34mdemucs.solver[0m][[32mINFO[0m] - Epoch 36 - Step 501/2296 - Loss: 0.0800[0m
[[36m04-14 15:05:44[0m][[34mdemucs.solver[0m][[32mINFO[0m] - Train | Epoch 36 | 574/2296 | 0.82 it/sec | Loss 0.0848 | Reco 0.0848 | Grad 0.0639[0m
[[36m04-14 15:06:15[0m][[34mdemucs.solver[0m][[32mINFO[0m] - Epoch 36 - Step 601/2296 - Loss: 0.1039[0m
[[36m04-14 15:08:16[0m][[34mdemucs.solver[0m][[32mINFO[0m] - Epoch 36 - Step 701/2296 - Loss: 0.0533[0m
[[36m04-14 15:10:18[0m][[34mdemucs.solver[0m][[32mINFO[0m] - Epoch 36 - Step 801/2296 - Loss: 0.1176[0m
[[36m04-14 15:12:19[0m][[34mdemucs.solver[0m][[32mINFO[0m] - Epoch 36 - Step 901/2296 - Loss: 0.0694[0m
[[36m04-14 15:14:23[0m][[34mdemucs.solver[0m][[32mINFO[0m] - Epoch 36 - Step 1001/2296 - Loss: 0.0613[0m
[[36m04-14 15:16:25[0m][[34mdemucs.solver[0m][[32mINFO[0m] - Epoch 36 - Step 1101/2296 - Loss: 0.1077[0m
[[36m04-14 15:17:24[0m][[34mdemucs.solver[0m][[32mINFO[0m] - Train | Epoch 36 | 1148/2296 | 0.82 it/sec | Loss 0.0836 | Reco 0.0836 | Grad 0.0623[0m
[[36m04-14 15:18:26[0m][[34mdemucs.solver[0m][[32mINFO[0m] - Epoch 36 - Step 1201/2296 - Loss: 0.1217[0m
[[36m04-14 15:20:27[0m][[34mdemucs.solver[0m][[32mINFO[0m] - Epoch 36 - Step 1301/2296 - Loss: 0.1004[0m
[[36m04-14 15:22:29[0m][[34mdemucs.solver[0m][[32mINFO[0m] - Epoch 36 - Step 1401/2296 - Loss: 0.0542[0m
[[36m04-14 15:24:30[0m][[34mdemucs.solver[0m][[32mINFO[0m] - Epoch 36 - Step 1501/2296 - Loss: 0.0932[0m
[[36m04-14 15:26:32[0m][[34mdemucs.solver[0m][[32mINFO[0m] - Epoch 36 - Step 1601/2296 - Loss: 0.0776[0m
[[36m04-14 15:28:33[0m][[34mdemucs.solver[0m][[32mINFO[0m] - Epoch 36 - Step 1701/2296 - Loss: 0.0802[0m
[[36m04-14 15:29:00[0m][[34mdemucs.solver[0m][[32mINFO[0m] - Train | Epoch 36 | 1722/2296 | 0.82 it/sec | Loss 0.0838 | Reco 0.0838 | Grad 0.0622[0m
[[36m04-14 15:30:34[0m][[34mdemucs.solver[0m][[32mINFO[0m] - Epoch 36 - Step 1801/2296 - Loss: 0.1080[0m
[[36m04-14 15:32:36[0m][[34mdemucs.solver[0m][[32mINFO[0m] - Epoch 36 - Step 1901/2296 - Loss: 0.1011[0m
[[36m04-14 15:34:37[0m][[34mdemucs.solver[0m][[32mINFO[0m] - Epoch 36 - Step 2001/2296 - Loss: 0.0934[0m
[[36m04-14 15:36:39[0m][[34mdemucs.solver[0m][[32mINFO[0m] - Epoch 36 - Step 2101/2296 - Loss: 0.0594[0m
[[36m04-14 15:38:40[0m][[34mdemucs.solver[0m][[32mINFO[0m] - Epoch 36 - Step 2201/2296 - Loss: 0.0894[0m
done running 1 epoch
[[36m04-14 15:40:40[0m][[34mdemucs.solver[0m][[32mINFO[0m] - [1mTrain Summary | Epoch 36 | Loss=0.0836 | Reco=0.0836 | Grad=0.0621[0m
[[36m04-14 15:40:40[0m][[34mdemucs.solver[0m][[32mINFO[0m] - ----------------------------------------------------------------------[0m
[[36m04-14 15:40:40[0m][[34mdemucs.solver[0m][[32mINFO[0m] - Cross validation...[0m
logging progress
[[36m04-14 15:40:45[0m][[34mdemucs.solver[0m][[32mINFO[0m] - Epoch 36 - Step 1/31.044349670410156 - Loss: 0.1291[0m
[[36m04-14 15:40:53[0m][[34mdemucs.solver[0m][[32mINFO[0m] - Valid | Epoch 36 | 3/14 | 0.30 it/sec | Loss 0.1381 | Reco 0.1381 | Nsdr 7.218[0m
[[36m04-14 15:41:02[0m][[34mdemucs.solver[0m][[32mINFO[0m] - Valid | Epoch 36 | 6/14 | 0.32 it/sec | Loss 0.1391 | Reco 0.1391 | Nsdr 7.359[0m
[[36m04-14 15:41:11[0m][[34mdemucs.solver[0m][[32mINFO[0m] - Valid | Epoch 36 | 9/14 | 0.33 it/sec | Loss 0.1406 | Reco 0.1406 | Nsdr 7.024[0m
[[36m04-14 15:41:19[0m][[34mdemucs.solver[0m][[32mINFO[0m] - Valid | Epoch 36 | 12/14 | 0.33 it/sec | Loss 0.1512 | Reco 0.1512 | Nsdr 6.609[0m
[[36m04-14 15:41:24[0m][[34mdemucs.solver[0m][[32mINFO[0m] - [1mValid Summary | Epoch 36 | Loss=0.1564 | Reco=0.1564 | Nsdr=6.372 | Best=0.1564 | Bname=main[0m
[[36m04-14 15:41:24[0m][[34mdemucs.solver[0m][[32mINFO[0m] - [1mNew best valid loss 0.1564[0m
[[36m04-14 15:41:26[0m][[34mdemucs.solver[0m][[32mINFO[0m] - ----------------------------------------------------------------------[0m
[[36m04-14 15:41:26[0m][[34mdemucs.solver[0m][[32mINFO[0m] - Training...[0m
running 1 epoch
logging progress
[[36m04-14 15:41:29[0m][[34mdemucs.solver[0m][[32mINFO[0m] - Epoch 37 - Step 1/2296 - Loss: 0.0752[0m
[[36m04-14 15:43:30[0m][[34mdemucs.solver[0m][[32mINFO[0m] - Epoch 37 - Step 101/2296 - Loss: 0.1000[0m
[[36m04-14 15:45:31[0m][[34mdemucs.solver[0m][[32mINFO[0m] - Epoch 37 - Step 201/2296 - Loss: 0.0710[0m
[[36m04-14 15:47:33[0m][[34mdemucs.solver[0m][[32mINFO[0m] - Epoch 37 - Step 301/2296 - Loss: 0.0746[0m
[[36m04-14 15:49:34[0m][[34mdemucs.solver[0m][[32mINFO[0m] - Epoch 37 - Step 401/2296 - Loss: 0.1231[0m
[[36m04-14 15:51:36[0m][[34mdemucs.solver[0m][[32mINFO[0m] - Epoch 37 - Step 501/2296 - Loss: 0.0662[0m
[[36m04-14 15:53:06[0m][[34mdemucs.solver[0m][[32mINFO[0m] - Train | Epoch 37 | 574/2296 | 0.82 it/sec | Loss 0.0830 | Reco 0.0830 | Grad 0.0613[0m
[[36m04-14 15:53:37[0m][[34mdemucs.solver[0m][[32mINFO[0m] - Epoch 37 - Step 601/2296 - Loss: 0.1024[0m
[[36m04-14 15:55:38[0m][[34mdemucs.solver[0m][[32mINFO[0m] - Epoch 37 - Step 701/2296 - Loss: 0.0940[0m
[[36m04-14 15:57:40[0m][[34mdemucs.solver[0m][[32mINFO[0m] - Epoch 37 - Step 801/2296 - Loss: 0.1005[0m
[[36m04-14 15:59:41[0m][[34mdemucs.solver[0m][[32mINFO[0m] - Epoch 37 - Step 901/2296 - Loss: 0.0698[0m
[[36m04-14 16:01:42[0m][[34mdemucs.solver[0m][[32mINFO[0m] - Epoch 37 - Step 1001/2296 - Loss: 0.0939[0m
[[36m04-14 16:03:44[0m][[34mdemucs.solver[0m][[32mINFO[0m] - Epoch 37 - Step 1101/2296 - Loss: 0.0854[0m
[[36m04-14 16:04:43[0m][[34mdemucs.solver[0m][[32mINFO[0m] - Train | Epoch 37 | 1148/2296 | 0.82 it/sec | Loss 0.0829 | Reco 0.0829 | Grad 0.0620[0m
[[36m04-14 16:05:45[0m][[34mdemucs.solver[0m][[32mINFO[0m] - Epoch 37 - Step 1201/2296 - Loss: 0.0686[0m
[[36m04-14 16:07:49[0m][[34mdemucs.solver[0m][[32mINFO[0m] - Epoch 37 - Step 1301/2296 - Loss: 0.0964[0m
[[36m04-14 16:09:50[0m][[34mdemucs.solver[0m][[32mINFO[0m] - Epoch 37 - Step 1401/2296 - Loss: 0.0722[0m
[[36m04-14 16:11:51[0m][[34mdemucs.solver[0m][[32mINFO[0m] - Epoch 37 - Step 1501/2296 - Loss: 0.0632[0m
[[36m04-14 16:13:53[0m][[34mdemucs.solver[0m][[32mINFO[0m] - Epoch 37 - Step 1601/2296 - Loss: 0.0847[0m
[[36m04-14 16:15:54[0m][[34mdemucs.solver[0m][[32mINFO[0m] - Epoch 37 - Step 1701/2296 - Loss: 0.0842[0m
[[36m04-14 16:16:22[0m][[34mdemucs.solver[0m][[32mINFO[0m] - Train | Epoch 37 | 1722/2296 | 0.82 it/sec | Loss 0.0828 | Reco 0.0828 | Grad 0.0618[0m
[[36m04-14 16:17:55[0m][[34mdemucs.solver[0m][[32mINFO[0m] - Epoch 37 - Step 1801/2296 - Loss: 0.0763[0m
[[36m04-14 16:19:57[0m][[34mdemucs.solver[0m][[32mINFO[0m] - Epoch 37 - Step 1901/2296 - Loss: 0.0800[0m
[[36m04-14 16:21:58[0m][[34mdemucs.solver[0m][[32mINFO[0m] - Epoch 37 - Step 2001/2296 - Loss: 0.0871[0m
[[36m04-14 16:24:00[0m][[34mdemucs.solver[0m][[32mINFO[0m] - Epoch 37 - Step 2101/2296 - Loss: 0.0977[0m
[[36m04-14 16:26:01[0m][[34mdemucs.solver[0m][[32mINFO[0m] - Epoch 37 - Step 2201/2296 - Loss: 0.0735[0m
done running 1 epoch
[[36m04-14 16:27:57[0m][[34mdemucs.solver[0m][[32mINFO[0m] - [1mTrain Summary | Epoch 37 | Loss=0.0831 | Reco=0.0831 | Grad=0.0625[0m
[[36m04-14 16:27:57[0m][[34mdemucs.solver[0m][[32mINFO[0m] - ----------------------------------------------------------------------[0m
[[36m04-14 16:27:57[0m][[34mdemucs.solver[0m][[32mINFO[0m] - Cross validation...[0m
logging progress
[[36m04-14 16:28:03[0m][[34mdemucs.solver[0m][[32mINFO[0m] - Epoch 37 - Step 1/32.956478118896484 - Loss: 0.1221[0m
[[36m04-14 16:28:11[0m][[34mdemucs.solver[0m][[32mINFO[0m] - Valid | Epoch 37 | 3/14 | 0.30 it/sec | Loss 0.1312 | Reco 0.1312 | Nsdr 7.521[0m
[[36m04-14 16:28:20[0m][[34mdemucs.solver[0m][[32mINFO[0m] - Valid | Epoch 37 | 6/14 | 0.32 it/sec | Loss 0.1358 | Reco 0.1358 | Nsdr 7.523[0m
[[36m04-14 16:28:28[0m][[34mdemucs.solver[0m][[32mINFO[0m] - Valid | Epoch 37 | 9/14 | 0.33 it/sec | Loss 0.1400 | Reco 0.1400 | Nsdr 7.055[0m
[[36m04-14 16:28:37[0m][[34mdemucs.solver[0m][[32mINFO[0m] - Valid | Epoch 37 | 12/14 | 0.33 it/sec | Loss 0.1502 | Reco 0.1502 | Nsdr 6.668[0m
[[36m04-14 16:28:42[0m][[34mdemucs.solver[0m][[32mINFO[0m] - [1mValid Summary | Epoch 37 | Loss=0.1554 | Reco=0.1554 | Nsdr=6.440 | Best=0.1554 | Bname=main[0m
[[36m04-14 16:28:42[0m][[34mdemucs.solver[0m][[32mINFO[0m] - [1mNew best valid loss 0.1554[0m
[[36m04-14 16:28:44[0m][[34mdemucs.solver[0m][[32mINFO[0m] - ----------------------------------------------------------------------[0m
[[36m04-14 16:28:44[0m][[34mdemucs.solver[0m][[32mINFO[0m] - Training...[0m
running 1 epoch
logging progress
[[36m04-14 16:28:47[0m][[34mdemucs.solver[0m][[32mINFO[0m] - Epoch 38 - Step 1/2296 - Loss: 0.0965[0m
[[36m04-14 16:30:48[0m][[34mdemucs.solver[0m][[32mINFO[0m] - Epoch 38 - Step 101/2296 - Loss: 0.0660[0m
[[36m04-14 16:32:51[0m][[34mdemucs.solver[0m][[32mINFO[0m] - Epoch 38 - Step 201/2296 - Loss: 0.0720[0m
[[36m04-14 16:34:53[0m][[34mdemucs.solver[0m][[32mINFO[0m] - Epoch 38 - Step 301/2296 - Loss: 0.0695[0m
[[36m04-14 16:36:54[0m][[34mdemucs.solver[0m][[32mINFO[0m] - Epoch 38 - Step 401/2296 - Loss: 0.0868[0m
[[36m04-14 16:38:56[0m][[34mdemucs.solver[0m][[32mINFO[0m] - Epoch 38 - Step 501/2296 - Loss: 0.0691[0m
[[36m04-14 16:40:26[0m][[34mdemucs.solver[0m][[32mINFO[0m] - Train | Epoch 38 | 574/2296 | 0.82 it/sec | Loss 0.0825 | Reco 0.0825 | Grad 0.0620[0m
[[36m04-14 16:40:57[0m][[34mdemucs.solver[0m][[32mINFO[0m] - Epoch 38 - Step 601/2296 - Loss: 0.1022[0m
[[36m04-14 16:42:58[0m][[34mdemucs.solver[0m][[32mINFO[0m] - Epoch 38 - Step 701/2296 - Loss: 0.0961[0m
[[36m04-14 16:44:59[0m][[34mdemucs.solver[0m][[32mINFO[0m] - Epoch 38 - Step 801/2296 - Loss: 0.1205[0m
[[36m04-14 16:47:01[0m][[34mdemucs.solver[0m][[32mINFO[0m] - Epoch 38 - Step 901/2296 - Loss: 0.0602[0m
[[36m04-14 16:49:02[0m][[34mdemucs.solver[0m][[32mINFO[0m] - Epoch 38 - Step 1001/2296 - Loss: 0.0846[0m
[[36m04-14 16:51:04[0m][[34mdemucs.solver[0m][[32mINFO[0m] - Epoch 38 - Step 1101/2296 - Loss: 0.0740[0m
[[36m04-14 16:52:03[0m][[34mdemucs.solver[0m][[32mINFO[0m] - Train | Epoch 38 | 1148/2296 | 0.82 it/sec | Loss 0.0831 | Reco 0.0831 | Grad 0.0617[0m
[[36m04-14 16:53:05[0m][[34mdemucs.solver[0m][[32mINFO[0m] - Epoch 38 - Step 1201/2296 - Loss: 0.0829[0m
[[36m04-14 16:55:07[0m][[34mdemucs.solver[0m][[32mINFO[0m] - Epoch 38 - Step 1301/2296 - Loss: 0.0461[0m
[[36m04-14 16:57:08[0m][[34mdemucs.solver[0m][[32mINFO[0m] - Epoch 38 - Step 1401/2296 - Loss: 0.0911[0m
[[36m04-14 16:59:09[0m][[34mdemucs.solver[0m][[32mINFO[0m] - Epoch 38 - Step 1501/2296 - Loss: 0.0941[0m
[[36m04-14 17:01:14[0m][[34mdemucs.solver[0m][[32mINFO[0m] - Epoch 38 - Step 1601/2296 - Loss: 0.0874[0m
[[36m04-14 17:03:15[0m][[34mdemucs.solver[0m][[32mINFO[0m] - Epoch 38 - Step 1701/2296 - Loss: 0.0815[0m
[[36m04-14 17:03:42[0m][[34mdemucs.solver[0m][[32mINFO[0m] - Train | Epoch 38 | 1722/2296 | 0.82 it/sec | Loss 0.0829 | Reco 0.0829 | Grad 0.0614[0m
[[36m04-14 17:05:16[0m][[34mdemucs.solver[0m][[32mINFO[0m] - Epoch 38 - Step 1801/2296 - Loss: 0.0887[0m
[[36m04-14 17:07:18[0m][[34mdemucs.solver[0m][[32mINFO[0m] - Epoch 38 - Step 1901/2296 - Loss: 0.0505[0m
[[36m04-14 17:09:19[0m][[34mdemucs.solver[0m][[32mINFO[0m] - Epoch 38 - Step 2001/2296 - Loss: 0.1028[0m
[[36m04-14 17:11:21[0m][[34mdemucs.solver[0m][[32mINFO[0m] - Epoch 38 - Step 2101/2296 - Loss: 0.1039[0m
[[36m04-14 17:13:22[0m][[34mdemucs.solver[0m][[32mINFO[0m] - Epoch 38 - Step 2201/2296 - Loss: 0.0980[0m
done running 1 epoch
[[36m04-14 17:15:18[0m][[34mdemucs.solver[0m][[32mINFO[0m] - [1mTrain Summary | Epoch 38 | Loss=0.0828 | Reco=0.0828 | Grad=0.0617[0m
[[36m04-14 17:15:18[0m][[34mdemucs.solver[0m][[32mINFO[0m] - ----------------------------------------------------------------------[0m
[[36m04-14 17:15:18[0m][[34mdemucs.solver[0m][[32mINFO[0m] - Cross validation...[0m
logging progress
[[36m04-14 17:15:24[0m][[34mdemucs.solver[0m][[32mINFO[0m] - Epoch 38 - Step 1/33.07053756713867 - Loss: 0.1222[0m
[[36m04-14 17:15:32[0m][[34mdemucs.solver[0m][[32mINFO[0m] - Valid | Epoch 38 | 3/14 | 0.30 it/sec | Loss 0.1321 | Reco 0.1321 | Nsdr 7.522[0m
[[36m04-14 17:15:41[0m][[34mdemucs.solver[0m][[32mINFO[0m] - Valid | Epoch 38 | 6/14 | 0.32 it/sec | Loss 0.1355 | Reco 0.1355 | Nsdr 7.570[0m
[[36m04-14 17:15:49[0m][[34mdemucs.solver[0m][[32mINFO[0m] - Valid | Epoch 38 | 9/14 | 0.33 it/sec | Loss 0.1377 | Reco 0.1377 | Nsdr 7.182[0m
[[36m04-14 17:15:58[0m][[34mdemucs.solver[0m][[32mINFO[0m] - Valid | Epoch 38 | 12/14 | 0.33 it/sec | Loss 0.1477 | Reco 0.1477 | Nsdr 6.806[0m
[[36m04-14 17:16:03[0m][[34mdemucs.solver[0m][[32mINFO[0m] - [1mValid Summary | Epoch 38 | Loss=0.1529 | Reco=0.1529 | Nsdr=6.573 | Best=0.1529 | Bname=main[0m
[[36m04-14 17:16:03[0m][[34mdemucs.solver[0m][[32mINFO[0m] - [1mNew best valid loss 0.1529[0m
[[36m04-14 17:16:06[0m][[34mdemucs.solver[0m][[32mINFO[0m] - ----------------------------------------------------------------------[0m
[[36m04-14 17:16:06[0m][[34mdemucs.solver[0m][[32mINFO[0m] - Training...[0m
running 1 epoch
logging progress
[[36m04-14 17:16:09[0m][[34mdemucs.solver[0m][[32mINFO[0m] - Epoch 39 - Step 1/2296 - Loss: 0.0835[0m
[[36m04-14 17:18:10[0m][[34mdemucs.solver[0m][[32mINFO[0m] - Epoch 39 - Step 101/2296 - Loss: 0.0827[0m
[[36m04-14 17:20:11[0m][[34mdemucs.solver[0m][[32mINFO[0m] - Epoch 39 - Step 201/2296 - Loss: 0.0396[0m
[[36m04-14 17:22:13[0m][[34mdemucs.solver[0m][[32mINFO[0m] - Epoch 39 - Step 301/2296 - Loss: 0.0534[0m
[[36m04-14 17:24:14[0m][[34mdemucs.solver[0m][[32mINFO[0m] - Epoch 39 - Step 401/2296 - Loss: 0.0941[0m
[[36m04-14 17:26:16[0m][[34mdemucs.solver[0m][[32mINFO[0m] - Epoch 39 - Step 501/2296 - Loss: 0.0709[0m
[[36m04-14 17:27:49[0m][[34mdemucs.solver[0m][[32mINFO[0m] - Train | Epoch 39 | 574/2296 | 0.82 it/sec | Loss 0.0826 | Reco 0.0826 | Grad 0.0624[0m
[[36m04-14 17:28:20[0m][[34mdemucs.solver[0m][[32mINFO[0m] - Epoch 39 - Step 601/2296 - Loss: 0.1380[0m
[[36m04-14 17:30:21[0m][[34mdemucs.solver[0m][[32mINFO[0m] - Epoch 39 - Step 701/2296 - Loss: 0.0861[0m
[[36m04-14 17:32:22[0m][[34mdemucs.solver[0m][[32mINFO[0m] - Epoch 39 - Step 801/2296 - Loss: 0.1103[0m
[[36m04-14 17:34:24[0m][[34mdemucs.solver[0m][[32mINFO[0m] - Epoch 39 - Step 901/2296 - Loss: 0.0855[0m
[[36m04-14 17:36:25[0m][[34mdemucs.solver[0m][[32mINFO[0m] - Epoch 39 - Step 1001/2296 - Loss: 0.1022[0m
[[36m04-14 17:38:27[0m][[34mdemucs.solver[0m][[32mINFO[0m] - Epoch 39 - Step 1101/2296 - Loss: 0.0751[0m
[[36m04-14 17:39:26[0m][[34mdemucs.solver[0m][[32mINFO[0m] - Train | Epoch 39 | 1148/2296 | 0.82 it/sec | Loss 0.0828 | Reco 0.0828 | Grad 0.0637[0m
[[36m04-14 17:40:28[0m][[34mdemucs.solver[0m][[32mINFO[0m] - Epoch 39 - Step 1201/2296 - Loss: 0.0889[0m
[[36m04-14 17:42:29[0m][[34mdemucs.solver[0m][[32mINFO[0m] - Epoch 39 - Step 1301/2296 - Loss: 0.0638[0m
[[36m04-14 17:44:30[0m][[34mdemucs.solver[0m][[32mINFO[0m] - Epoch 39 - Step 1401/2296 - Loss: 0.0764[0m
[[36m04-14 17:46:32[0m][[34mdemucs.solver[0m][[32mINFO[0m] - Epoch 39 - Step 1501/2296 - Loss: 0.0886[0m
[[36m04-14 17:48:33[0m][[34mdemucs.solver[0m][[32mINFO[0m] - Epoch 39 - Step 1601/2296 - Loss: 0.0822[0m
[[36m04-14 17:50:35[0m][[34mdemucs.solver[0m][[32mINFO[0m] - Epoch 39 - Step 1701/2296 - Loss: 0.0630[0m
[[36m04-14 17:51:02[0m][[34mdemucs.solver[0m][[32mINFO[0m] - Train | Epoch 39 | 1722/2296 | 0.82 it/sec | Loss 0.0829 | Reco 0.0829 | Grad 0.0634[0m
[[36m04-14 17:52:36[0m][[34mdemucs.solver[0m][[32mINFO[0m] - Epoch 39 - Step 1801/2296 - Loss: 0.0635[0m
[[36m04-14 17:54:40[0m][[34mdemucs.solver[0m][[32mINFO[0m] - Epoch 39 - Step 1901/2296 - Loss: 0.0492[0m
[[36m04-14 17:56:41[0m][[34mdemucs.solver[0m][[32mINFO[0m] - Epoch 39 - Step 2001/2296 - Loss: 0.0735[0m
[[36m04-14 17:58:42[0m][[34mdemucs.solver[0m][[32mINFO[0m] - Epoch 39 - Step 2101/2296 - Loss: 0.0869[0m
[[36m04-14 18:00:44[0m][[34mdemucs.solver[0m][[32mINFO[0m] - Epoch 39 - Step 2201/2296 - Loss: 0.1014[0m
done running 1 epoch
[[36m04-14 18:02:40[0m][[34mdemucs.solver[0m][[32mINFO[0m] - [1mTrain Summary | Epoch 39 | Loss=0.0827 | Reco=0.0827 | Grad=0.0621[0m
[[36m04-14 18:02:40[0m][[34mdemucs.solver[0m][[32mINFO[0m] - ----------------------------------------------------------------------[0m
[[36m04-14 18:02:40[0m][[34mdemucs.solver[0m][[32mINFO[0m] - Cross validation...[0m
logging progress
[[36m04-14 18:02:46[0m][[34mdemucs.solver[0m][[32mINFO[0m] - Epoch 39 - Step 1/32.958587646484375 - Loss: 0.1226[0m
[[36m04-14 18:02:54[0m][[34mdemucs.solver[0m][[32mINFO[0m] - Valid | Epoch 39 | 3/14 | 0.29 it/sec | Loss 0.1341 | Reco 0.1341 | Nsdr 7.436[0m
[[36m04-14 18:03:03[0m][[34mdemucs.solver[0m][[32mINFO[0m] - Valid | Epoch 39 | 6/14 | 0.31 it/sec | Loss 0.1364 | Reco 0.1364 | Nsdr 7.553[0m
[[36m04-14 18:03:11[0m][[34mdemucs.solver[0m][[32mINFO[0m] - Valid | Epoch 39 | 9/14 | 0.32 it/sec | Loss 0.1387 | Reco 0.1387 | Nsdr 7.149[0m
[[36m04-14 18:03:20[0m][[34mdemucs.solver[0m][[32mINFO[0m] - Valid | Epoch 39 | 12/14 | 0.33 it/sec | Loss 0.1491 | Reco 0.1491 | Nsdr 6.751[0m
[[36m04-14 18:03:25[0m][[34mdemucs.solver[0m][[32mINFO[0m] - [1mValid Summary | Epoch 39 | Loss=0.1547 | Reco=0.1547 | Nsdr=6.513 | Best=0.1529 | Bname=main[0m
[[36m04-14 18:03:28[0m][[34mdemucs.solver[0m][[32mINFO[0m] - ----------------------------------------------------------------------[0m
[[36m04-14 18:03:28[0m][[34mdemucs.solver[0m][[32mINFO[0m] - Training...[0m
running 1 epoch
logging progress
[[36m04-14 18:03:30[0m][[34mdemucs.solver[0m][[32mINFO[0m] - Epoch 40 - Step 1/2296 - Loss: 0.0978[0m
[[36m04-14 18:05:31[0m][[34mdemucs.solver[0m][[32mINFO[0m] - Epoch 40 - Step 101/2296 - Loss: 0.0796[0m
[[36m04-14 18:07:32[0m][[34mdemucs.solver[0m][[32mINFO[0m] - Epoch 40 - Step 201/2296 - Loss: 0.0624[0m
[[36m04-14 18:09:34[0m][[34mdemucs.solver[0m][[32mINFO[0m] - Epoch 40 - Step 301/2296 - Loss: 0.0720[0m
[[36m04-14 18:11:35[0m][[34mdemucs.solver[0m][[32mINFO[0m] - Epoch 40 - Step 401/2296 - Loss: 0.0859[0m
[[36m04-14 18:13:37[0m][[34mdemucs.solver[0m][[32mINFO[0m] - Epoch 40 - Step 501/2296 - Loss: 0.0873[0m
[[36m04-14 18:15:07[0m][[34mdemucs.solver[0m][[32mINFO[0m] - Train | Epoch 40 | 574/2296 | 0.82 it/sec | Loss 0.0822 | Reco 0.0822 | Grad 0.0623[0m
[[36m04-14 18:15:38[0m][[34mdemucs.solver[0m][[32mINFO[0m] - Epoch 40 - Step 601/2296 - Loss: 0.0830[0m
[[36m04-14 18:17:39[0m][[34mdemucs.solver[0m][[32mINFO[0m] - Epoch 40 - Step 701/2296 - Loss: 0.0776[0m
[[36m04-14 18:19:41[0m][[34mdemucs.solver[0m][[32mINFO[0m] - Epoch 40 - Step 801/2296 - Loss: 0.0625[0m
[[36m04-14 18:21:44[0m][[34mdemucs.solver[0m][[32mINFO[0m] - Epoch 40 - Step 901/2296 - Loss: 0.0779[0m
[[36m04-14 18:23:45[0m][[34mdemucs.solver[0m][[32mINFO[0m] - Epoch 40 - Step 1001/2296 - Loss: 0.1145[0m
[[36m04-14 18:25:47[0m][[34mdemucs.solver[0m][[32mINFO[0m] - Epoch 40 - Step 1101/2296 - Loss: 0.0892[0m
[[36m04-14 18:26:46[0m][[34mdemucs.solver[0m][[32mINFO[0m] - Train | Epoch 40 | 1148/2296 | 0.82 it/sec | Loss 0.0825 | Reco 0.0825 | Grad 0.0618[0m
[[36m04-14 18:27:48[0m][[34mdemucs.solver[0m][[32mINFO[0m] - Epoch 40 - Step 1201/2296 - Loss: 0.0695[0m
[[36m04-14 18:29:50[0m][[34mdemucs.solver[0m][[32mINFO[0m] - Epoch 40 - Step 1301/2296 - Loss: 0.0921[0m
[[36m04-14 18:31:51[0m][[34mdemucs.solver[0m][[32mINFO[0m] - Epoch 40 - Step 1401/2296 - Loss: 0.0977[0m
[[36m04-14 18:33:52[0m][[34mdemucs.solver[0m][[32mINFO[0m] - Epoch 40 - Step 1501/2296 - Loss: 0.0662[0m
[[36m04-14 18:35:54[0m][[34mdemucs.solver[0m][[32mINFO[0m] - Epoch 40 - Step 1601/2296 - Loss: 0.1018[0m
[[36m04-14 18:37:55[0m][[34mdemucs.solver[0m][[32mINFO[0m] - Epoch 40 - Step 1701/2296 - Loss: 0.0711[0m
[[36m04-14 18:38:23[0m][[34mdemucs.solver[0m][[32mINFO[0m] - Train | Epoch 40 | 1722/2296 | 0.82 it/sec | Loss 0.0822 | Reco 0.0822 | Grad 0.0612[0m
[[36m04-14 18:39:57[0m][[34mdemucs.solver[0m][[32mINFO[0m] - Epoch 40 - Step 1801/2296 - Loss: 0.0986[0m
[[36m04-14 18:41:58[0m][[34mdemucs.solver[0m][[32mINFO[0m] - Epoch 40 - Step 1901/2296 - Loss: 0.0834[0m
[[36m04-14 18:43:59[0m][[34mdemucs.solver[0m][[32mINFO[0m] - Epoch 40 - Step 2001/2296 - Loss: 0.0456[0m
[[36m04-14 18:46:01[0m][[34mdemucs.solver[0m][[32mINFO[0m] - Epoch 40 - Step 2101/2296 - Loss: 0.0901[0m
[[36m04-14 18:48:02[0m][[34mdemucs.solver[0m][[32mINFO[0m] - Epoch 40 - Step 2201/2296 - Loss: 0.0818[0m
done running 1 epoch
[[36m04-14 18:50:00[0m][[34mdemucs.solver[0m][[32mINFO[0m] - [1mTrain Summary | Epoch 40 | Loss=0.0820 | Reco=0.0820 | Grad=0.0612[0m
[[36m04-14 18:50:00[0m][[34mdemucs.solver[0m][[32mINFO[0m] - ----------------------------------------------------------------------[0m
[[36m04-14 18:50:00[0m][[34mdemucs.solver[0m][[32mINFO[0m] - Cross validation...[0m
logging progress
[[36m04-14 18:50:06[0m][[34mdemucs.solver[0m][[32mINFO[0m] - Epoch 40 - Step 1/33.02747344970703 - Loss: 0.1229[0m
[[36m04-14 18:50:14[0m][[34mdemucs.solver[0m][[32mINFO[0m] - Valid | Epoch 40 | 3/14 | 0.30 it/sec | Loss 0.1338 | Reco 0.1338 | Nsdr 7.507[0m
[[36m04-14 18:50:23[0m][[34mdemucs.solver[0m][[32mINFO[0m] - Valid | Epoch 40 | 6/14 | 0.32 it/sec | Loss 0.1365 | Reco 0.1365 | Nsdr 7.574[0m
[[36m04-14 18:50:31[0m][[34mdemucs.solver[0m][[32mINFO[0m] - Valid | Epoch 40 | 9/14 | 0.33 it/sec | Loss 0.1404 | Reco 0.1404 | Nsdr 7.097[0m
[[36m04-14 18:50:40[0m][[34mdemucs.solver[0m][[32mINFO[0m] - Valid | Epoch 40 | 12/14 | 0.33 it/sec | Loss 0.1495 | Reco 0.1495 | Nsdr 6.739[0m
[[36m04-14 18:50:45[0m][[34mdemucs.solver[0m][[32mINFO[0m] - [1mValid Summary | Epoch 40 | Loss=0.1547 | Reco=0.1547 | Nsdr=6.512 | Best=0.1529 | Bname=main[0m
[[36m04-14 18:50:45[0m][[34mdemucs.solver[0m][[32mINFO[0m] - ----------------------------------------------------------------------[0m
[[36m04-14 18:50:45[0m][[34mdemucs.solver[0m][[32mINFO[0m] - Evaluating on the test set...[0m
[[36m04-14 18:52:18[0m][[34mdemucs.evaluate[0m][[32mINFO[0m] - Eval | 12/50 | 0.15 it/sec[0m
[[36m04-14 18:53:47[0m][[34mdemucs.evaluate[0m][[32mINFO[0m] - Eval | 24/50 | 0.14 it/sec[0m
[[36m04-14 18:55:11[0m][[34mdemucs.evaluate[0m][[32mINFO[0m] - Eval | 36/50 | 0.14 it/sec[0m
[[36m04-14 18:56:39[0m][[34mdemucs.evaluate[0m][[32mINFO[0m] - Eval | 48/50 | 0.14 it/sec[0m
[[36m04-14 18:56:45[0m][[34mdemucs.evaluate[0m][[32mINFO[0m] - Eval (BSS) | 12/50 | 685.33 it/sec[0m
[[36m04-14 18:56:46[0m][[34mdemucs.evaluate[0m][[32mINFO[0m] - Eval (BSS) | 24/50 | 1233.76 it/sec[0m
[[36m04-14 18:56:46[0m][[34mdemucs.evaluate[0m][[32mINFO[0m] - Eval (BSS) | 36/50 | 1740.73 it/sec[0m
[[36m04-14 18:56:46[0m][[34mdemucs.evaluate[0m][[32mINFO[0m] - Eval (BSS) | 48/50 | 2214.50 it/sec[0m
[[36m04-14 18:56:47[0m][[34mdemucs.solver[0m][[32mINFO[0m] - [1mTest Summary | Epoch 40 | Nsdr=5.808 | Nsdr_drums=6.831 | Nsdr_bass=5.454 | Nsdr_other=4.240 | Nsdr_vocals=6.707[0m
[[36m04-14 18:56:50[0m][[34mdemucs.solver[0m][[32mINFO[0m] - ----------------------------------------------------------------------[0m
[[36m04-14 18:56:50[0m][[34mdemucs.solver[0m][[32mINFO[0m] - Training...[0m
running 1 epoch
logging progress
[[36m04-14 18:56:53[0m][[34mdemucs.solver[0m][[32mINFO[0m] - Epoch 41 - Step 1/2296 - Loss: 0.0521[0m
[[36m04-14 18:58:54[0m][[34mdemucs.solver[0m][[32mINFO[0m] - Epoch 41 - Step 101/2296 - Loss: 0.0776[0m
[[36m04-14 19:00:55[0m][[34mdemucs.solver[0m][[32mINFO[0m] - Epoch 41 - Step 201/2296 - Loss: 0.0761[0m
[[36m04-14 19:02:56[0m][[34mdemucs.solver[0m][[32mINFO[0m] - Epoch 41 - Step 301/2296 - Loss: 0.0777[0m
[[36m04-14 19:04:57[0m][[34mdemucs.solver[0m][[32mINFO[0m] - Epoch 41 - Step 401/2296 - Loss: 0.1029[0m
[[36m04-14 19:06:59[0m][[34mdemucs.solver[0m][[32mINFO[0m] - Epoch 41 - Step 501/2296 - Loss: 0.0521[0m
[[36m04-14 19:08:29[0m][[34mdemucs.solver[0m][[32mINFO[0m] - Train | Epoch 41 | 574/2296 | 0.82 it/sec | Loss 0.0818 | Reco 0.0818 | Grad 0.0582[0m
[[36m04-14 19:09:00[0m][[34mdemucs.solver[0m][[32mINFO[0m] - Epoch 41 - Step 601/2296 - Loss: 0.0617[0m
[[36m04-14 19:11:01[0m][[34mdemucs.solver[0m][[32mINFO[0m] - Epoch 41 - Step 701/2296 - Loss: 0.0659[0m
[[36m04-14 19:13:02[0m][[34mdemucs.solver[0m][[32mINFO[0m] - Epoch 41 - Step 801/2296 - Loss: 0.0839[0m
[[36m04-14 19:15:04[0m][[34mdemucs.solver[0m][[32mINFO[0m] - Epoch 41 - Step 901/2296 - Loss: 0.0377[0m
[[36m04-14 19:17:05[0m][[34mdemucs.solver[0m][[32mINFO[0m] - Epoch 41 - Step 1001/2296 - Loss: 0.0612[0m
[[36m04-14 19:19:06[0m][[34mdemucs.solver[0m][[32mINFO[0m] - Epoch 41 - Step 1101/2296 - Loss: 0.0743[0m
[[36m04-14 19:20:05[0m][[34mdemucs.solver[0m][[32mINFO[0m] - Train | Epoch 41 | 1148/2296 | 0.82 it/sec | Loss 0.0819 | Reco 0.0819 | Grad 0.0604[0m
[[36m04-14 19:21:10[0m][[34mdemucs.solver[0m][[32mINFO[0m] - Epoch 41 - Step 1201/2296 - Loss: 0.0822[0m
[[36m04-14 19:23:11[0m][[34mdemucs.solver[0m][[32mINFO[0m] - Epoch 41 - Step 1301/2296 - Loss: 0.0560[0m
[[36m04-14 19:25:13[0m][[34mdemucs.solver[0m][[32mINFO[0m] - Epoch 41 - Step 1401/2296 - Loss: 0.0735[0m
[[36m04-14 19:27:14[0m][[34mdemucs.solver[0m][[32mINFO[0m] - Epoch 41 - Step 1501/2296 - Loss: 0.0745[0m
[[36m04-14 19:29:15[0m][[34mdemucs.solver[0m][[32mINFO[0m] - Epoch 41 - Step 1601/2296 - Loss: 0.0815[0m
[[36m04-14 19:31:17[0m][[34mdemucs.solver[0m][[32mINFO[0m] - Epoch 41 - Step 1701/2296 - Loss: 0.0936[0m
[[36m04-14 19:31:44[0m][[34mdemucs.solver[0m][[32mINFO[0m] - Train | Epoch 41 | 1722/2296 | 0.82 it/sec | Loss 0.0820 | Reco 0.0820 | Grad 0.0607[0m
[[36m04-14 19:33:18[0m][[34mdemucs.solver[0m][[32mINFO[0m] - Epoch 41 - Step 1801/2296 - Loss: 0.1151[0m
[[36m04-14 19:35:20[0m][[34mdemucs.solver[0m][[32mINFO[0m] - Epoch 41 - Step 1901/2296 - Loss: 0.0677[0m
[[36m04-14 19:37:21[0m][[34mdemucs.solver[0m][[32mINFO[0m] - Epoch 41 - Step 2001/2296 - Loss: 0.0952[0m
[[36m04-14 19:39:22[0m][[34mdemucs.solver[0m][[32mINFO[0m] - Epoch 41 - Step 2101/2296 - Loss: 0.0681[0m
[[36m04-14 19:41:24[0m][[34mdemucs.solver[0m][[32mINFO[0m] - Epoch 41 - Step 2201/2296 - Loss: 0.0831[0m
done running 1 epoch
[[36m04-14 19:43:20[0m][[34mdemucs.solver[0m][[32mINFO[0m] - [1mTrain Summary | Epoch 41 | Loss=0.0818 | Reco=0.0818 | Grad=0.0609[0m
[[36m04-14 19:43:20[0m][[34mdemucs.solver[0m][[32mINFO[0m] - ----------------------------------------------------------------------[0m
[[36m04-14 19:43:20[0m][[34mdemucs.solver[0m][[32mINFO[0m] - Cross validation...[0m
logging progress
[[36m04-14 19:43:27[0m][[34mdemucs.solver[0m][[32mINFO[0m] - Epoch 41 - Step 1/32.63920593261719 - Loss: 0.1240[0m
[[36m04-14 19:43:35[0m][[34mdemucs.solver[0m][[32mINFO[0m] - Valid | Epoch 41 | 3/14 | 0.28 it/sec | Loss 0.1330 | Reco 0.1330 | Nsdr 7.526[0m
[[36m04-14 19:43:44[0m][[34mdemucs.solver[0m][[32mINFO[0m] - Valid | Epoch 41 | 6/14 | 0.31 it/sec | Loss 0.1359 | Reco 0.1359 | Nsdr 7.551[0m
[[36m04-14 19:43:52[0m][[34mdemucs.solver[0m][[32mINFO[0m] - Valid | Epoch 41 | 9/14 | 0.32 it/sec | Loss 0.1393 | Reco 0.1393 | Nsdr 7.118[0m
[[36m04-14 19:44:01[0m][[34mdemucs.solver[0m][[32mINFO[0m] - Valid | Epoch 41 | 12/14 | 0.32 it/sec | Loss 0.1489 | Reco 0.1489 | Nsdr 6.755[0m
[[36m04-14 19:44:06[0m][[34mdemucs.solver[0m][[32mINFO[0m] - [1mValid Summary | Epoch 41 | Loss=0.1547 | Reco=0.1547 | Nsdr=6.506 | Best=0.1529 | Bname=main[0m
[[36m04-14 19:44:12[0m][[34mdemucs.solver[0m][[32mINFO[0m] - ----------------------------------------------------------------------[0m
[[36m04-14 19:44:12[0m][[34mdemucs.solver[0m][[32mINFO[0m] - Training...[0m
running 1 epoch
logging progress
[[36m04-14 19:44:15[0m][[34mdemucs.solver[0m][[32mINFO[0m] - Epoch 42 - Step 1/2296 - Loss: 0.0521[0m
[[36m04-14 19:46:21[0m][[34mdemucs.solver[0m][[32mINFO[0m] - Epoch 42 - Step 101/2296 - Loss: 0.0551[0m
[[36m04-14 19:48:22[0m][[34mdemucs.solver[0m][[32mINFO[0m] - Epoch 42 - Step 201/2296 - Loss: 0.0398[0m
[[36m04-14 19:50:23[0m][[34mdemucs.solver[0m][[32mINFO[0m] - Epoch 42 - Step 301/2296 - Loss: 0.0953[0m
[[36m04-14 19:52:24[0m][[34mdemucs.solver[0m][[32mINFO[0m] - Epoch 42 - Step 401/2296 - Loss: 0.0803[0m
[[36m04-14 19:54:26[0m][[34mdemucs.solver[0m][[32mINFO[0m] - Epoch 42 - Step 501/2296 - Loss: 0.1262[0m
[[36m04-14 19:55:56[0m][[34mdemucs.solver[0m][[32mINFO[0m] - Train | Epoch 42 | 574/2296 | 0.82 it/sec | Loss 0.0809 | Reco 0.0809 | Grad 0.0618[0m
[[36m04-14 19:56:27[0m][[34mdemucs.solver[0m][[32mINFO[0m] - Epoch 42 - Step 601/2296 - Loss: 0.0915[0m
[[36m04-14 19:58:39[0m][[34mdemucs.solver[0m][[32mINFO[0m] - Epoch 42 - Step 701/2296 - Loss: 0.0789[0m
[[36m04-14 20:00:40[0m][[34mdemucs.solver[0m][[32mINFO[0m] - Epoch 42 - Step 801/2296 - Loss: 0.0870[0m
[[36m04-14 20:02:42[0m][[34mdemucs.solver[0m][[32mINFO[0m] - Epoch 42 - Step 901/2296 - Loss: 0.0843[0m
[[36m04-14 20:04:43[0m][[34mdemucs.solver[0m][[32mINFO[0m] - Epoch 42 - Step 1001/2296 - Loss: 0.0972[0m
[[36m04-14 20:06:45[0m][[34mdemucs.solver[0m][[32mINFO[0m] - Epoch 42 - Step 1101/2296 - Loss: 0.0827[0m
[[36m04-14 20:07:44[0m][[34mdemucs.solver[0m][[32mINFO[0m] - Train | Epoch 42 | 1148/2296 | 0.81 it/sec | Loss 0.0808 | Reco 0.0808 | Grad 0.0614[0m
[[36m04-14 20:08:46[0m][[34mdemucs.solver[0m][[32mINFO[0m] - Epoch 42 - Step 1201/2296 - Loss: 0.0768[0m
[[36m04-14 20:10:47[0m][[34mdemucs.solver[0m][[32mINFO[0m] - Epoch 42 - Step 1301/2296 - Loss: 0.0760[0m
[[36m04-14 20:12:49[0m][[34mdemucs.solver[0m][[32mINFO[0m] - Epoch 42 - Step 1401/2296 - Loss: 0.0925[0m
[[36m04-14 20:14:54[0m][[34mdemucs.solver[0m][[32mINFO[0m] - Epoch 42 - Step 1501/2296 - Loss: 0.0845[0m
[[36m04-14 20:16:55[0m][[34mdemucs.solver[0m][[32mINFO[0m] - Epoch 42 - Step 1601/2296 - Loss: 0.0872[0m
[[36m04-14 20:18:57[0m][[34mdemucs.solver[0m][[32mINFO[0m] - Epoch 42 - Step 1701/2296 - Loss: 0.0560[0m
[[36m04-14 20:19:24[0m][[34mdemucs.solver[0m][[32mINFO[0m] - Train | Epoch 42 | 1722/2296 | 0.82 it/sec | Loss 0.0815 | Reco 0.0815 | Grad 0.0615[0m
[[36m04-14 20:20:58[0m][[34mdemucs.solver[0m][[32mINFO[0m] - Epoch 42 - Step 1801/2296 - Loss: 0.0499[0m
[[36m04-14 20:23:00[0m][[34mdemucs.solver[0m][[32mINFO[0m] - Epoch 42 - Step 1901/2296 - Loss: 0.0914[0m
[[36m04-14 20:25:01[0m][[34mdemucs.solver[0m][[32mINFO[0m] - Epoch 42 - Step 2001/2296 - Loss: 0.0663[0m
[[36m04-14 20:27:03[0m][[34mdemucs.solver[0m][[32mINFO[0m] - Epoch 42 - Step 2101/2296 - Loss: 0.0794[0m
[[36m04-14 20:29:04[0m][[34mdemucs.solver[0m][[32mINFO[0m] - Epoch 42 - Step 2201/2296 - Loss: 0.0495[0m
done running 1 epoch
[[36m04-14 20:31:00[0m][[34mdemucs.solver[0m][[32mINFO[0m] - [1mTrain Summary | Epoch 42 | Loss=0.0814 | Reco=0.0814 | Grad=0.0615[0m
[[36m04-14 20:31:00[0m][[34mdemucs.solver[0m][[32mINFO[0m] - ----------------------------------------------------------------------[0m
[[36m04-14 20:31:00[0m][[34mdemucs.solver[0m][[32mINFO[0m] - Cross validation...[0m
logging progress
[[36m04-14 20:31:17[0m][[34mdemucs.solver[0m][[32mINFO[0m] - Epoch 42 - Step 1/32.40260314941406 - Loss: 0.1252[0m
[[36m04-14 20:31:26[0m][[34mdemucs.solver[0m][[32mINFO[0m] - Valid | Epoch 42 | 3/14 | 0.16 it/sec | Loss 0.1312 | Reco 0.1312 | Nsdr 7.598[0m
[[36m04-14 20:31:36[0m][[34mdemucs.solver[0m][[32mINFO[0m] - Valid | Epoch 42 | 6/14 | 0.20 it/sec | Loss 0.1344 | Reco 0.1344 | Nsdr 7.665[0m
[[36m04-14 20:31:44[0m][[34mdemucs.solver[0m][[32mINFO[0m] - Valid | Epoch 42 | 9/14 | 0.23 it/sec | Loss 0.1392 | Reco 0.1392 | Nsdr 7.160[0m
[[36m04-14 20:31:53[0m][[34mdemucs.solver[0m][[32mINFO[0m] - Valid | Epoch 42 | 12/14 | 0.25 it/sec | Loss 0.1488 | Reco 0.1488 | Nsdr 6.787[0m
[[36m04-14 20:31:58[0m][[34mdemucs.solver[0m][[32mINFO[0m] - [1mValid Summary | Epoch 42 | Loss=0.1541 | Reco=0.1541 | Nsdr=6.551 | Best=0.1529 | Bname=main[0m
[[36m04-14 20:32:00[0m][[34mdemucs.solver[0m][[32mINFO[0m] - ----------------------------------------------------------------------[0m
[[36m04-14 20:32:00[0m][[34mdemucs.solver[0m][[32mINFO[0m] - Training...[0m
running 1 epoch
logging progress
[[36m04-14 20:32:03[0m][[34mdemucs.solver[0m][[32mINFO[0m] - Epoch 43 - Step 1/2296 - Loss: 0.0595[0m
[[36m04-14 20:34:04[0m][[34mdemucs.solver[0m][[32mINFO[0m] - Epoch 43 - Step 101/2296 - Loss: 0.0819[0m
[[36m04-14 20:36:05[0m][[34mdemucs.solver[0m][[32mINFO[0m] - Epoch 43 - Step 201/2296 - Loss: 0.0887[0m
[[36m04-14 20:38:07[0m][[34mdemucs.solver[0m][[32mINFO[0m] - Epoch 43 - Step 301/2296 - Loss: 0.1115[0m
[[36m04-14 20:40:09[0m][[34mdemucs.solver[0m][[32mINFO[0m] - Epoch 43 - Step 401/2296 - Loss: 0.0626[0m
[[36m04-14 20:42:16[0m][[34mdemucs.solver[0m][[32mINFO[0m] - Epoch 43 - Step 501/2296 - Loss: 0.0851[0m
[[36m04-14 20:43:46[0m][[34mdemucs.solver[0m][[32mINFO[0m] - Train | Epoch 43 | 574/2296 | 0.81 it/sec | Loss 0.0822 | Reco 0.0822 | Grad 0.0642[0m
[[36m04-14 20:44:17[0m][[34mdemucs.solver[0m][[32mINFO[0m] - Epoch 43 - Step 601/2296 - Loss: 0.0698[0m
[[36m04-14 20:46:19[0m][[34mdemucs.solver[0m][[32mINFO[0m] - Epoch 43 - Step 701/2296 - Loss: 0.0648[0m
[[36m04-14 20:48:20[0m][[34mdemucs.solver[0m][[32mINFO[0m] - Epoch 43 - Step 801/2296 - Loss: 0.0712[0m
[[36m04-14 20:50:21[0m][[34mdemucs.solver[0m][[32mINFO[0m] - Epoch 43 - Step 901/2296 - Loss: 0.0959[0m
[[36m04-14 20:52:23[0m][[34mdemucs.solver[0m][[32mINFO[0m] - Epoch 43 - Step 1001/2296 - Loss: 0.0792[0m
[[36m04-14 20:54:24[0m][[34mdemucs.solver[0m][[32mINFO[0m] - Epoch 43 - Step 1101/2296 - Loss: 0.0872[0m
[[36m04-14 20:55:23[0m][[34mdemucs.solver[0m][[32mINFO[0m] - Train | Epoch 43 | 1148/2296 | 0.82 it/sec | Loss 0.0815 | Reco 0.0815 | Grad 0.0625[0m
[[36m04-14 20:56:25[0m][[34mdemucs.solver[0m][[32mINFO[0m] - Epoch 43 - Step 1201/2296 - Loss: 0.0782[0m
[[36m04-14 20:58:27[0m][[34mdemucs.solver[0m][[32mINFO[0m] - Epoch 43 - Step 1301/2296 - Loss: 0.0731[0m
[[36m04-14 21:00:28[0m][[34mdemucs.solver[0m][[32mINFO[0m] - Epoch 43 - Step 1401/2296 - Loss: 0.0742[0m
[[36m04-14 21:02:30[0m][[34mdemucs.solver[0m][[32mINFO[0m] - Epoch 43 - Step 1501/2296 - Loss: 0.0808[0m
[[36m04-14 21:04:32[0m][[34mdemucs.solver[0m][[32mINFO[0m] - Epoch 43 - Step 1601/2296 - Loss: 0.0564[0m
[[36m04-14 21:06:33[0m][[34mdemucs.solver[0m][[32mINFO[0m] - Epoch 43 - Step 1701/2296 - Loss: 0.0573[0m
[[36m04-14 21:07:00[0m][[34mdemucs.solver[0m][[32mINFO[0m] - Train | Epoch 43 | 1722/2296 | 0.82 it/sec | Loss 0.0810 | Reco 0.0810 | Grad 0.0619[0m
[[36m04-14 21:08:35[0m][[34mdemucs.solver[0m][[32mINFO[0m] - Epoch 43 - Step 1801/2296 - Loss: 0.0981[0m
[[36m04-14 21:10:44[0m][[34mdemucs.solver[0m][[32mINFO[0m] - Epoch 43 - Step 1901/2296 - Loss: 0.0872[0m
[[36m04-14 21:12:45[0m][[34mdemucs.solver[0m][[32mINFO[0m] - Epoch 43 - Step 2001/2296 - Loss: 0.0577[0m
[[36m04-14 21:14:47[0m][[34mdemucs.solver[0m][[32mINFO[0m] - Epoch 43 - Step 2101/2296 - Loss: 0.0790[0m
[[36m04-14 21:16:49[0m][[34mdemucs.solver[0m][[32mINFO[0m] - Epoch 43 - Step 2201/2296 - Loss: 0.0769[0m
done running 1 epoch
[[36m04-14 21:18:45[0m][[34mdemucs.solver[0m][[32mINFO[0m] - [1mTrain Summary | Epoch 43 | Loss=0.0811 | Reco=0.0811 | Grad=0.0622[0m
[[36m04-14 21:18:45[0m][[34mdemucs.solver[0m][[32mINFO[0m] - ----------------------------------------------------------------------[0m
[[36m04-14 21:18:45[0m][[34mdemucs.solver[0m][[32mINFO[0m] - Cross validation...[0m
logging progress
[[36m04-14 21:18:50[0m][[34mdemucs.solver[0m][[32mINFO[0m] - Epoch 43 - Step 1/32.66070556640625 - Loss: 0.1235[0m
[[36m04-14 21:18:59[0m][[34mdemucs.solver[0m][[32mINFO[0m] - Valid | Epoch 43 | 3/14 | 0.30 it/sec | Loss 0.1336 | Reco 0.1336 | Nsdr 7.479[0m
[[36m04-14 21:19:08[0m][[34mdemucs.solver[0m][[32mINFO[0m] - Valid | Epoch 43 | 6/14 | 0.32 it/sec | Loss 0.1365 | Reco 0.1365 | Nsdr 7.555[0m
[[36m04-14 21:19:16[0m][[34mdemucs.solver[0m][[32mINFO[0m] - Valid | Epoch 43 | 9/14 | 0.33 it/sec | Loss 0.1407 | Reco 0.1407 | Nsdr 7.067[0m
[[36m04-14 21:19:25[0m][[34mdemucs.solver[0m][[32mINFO[0m] - Valid | Epoch 43 | 12/14 | 0.33 it/sec | Loss 0.1496 | Reco 0.1496 | Nsdr 6.731[0m
[[36m04-14 21:19:30[0m][[34mdemucs.solver[0m][[32mINFO[0m] - [1mValid Summary | Epoch 43 | Loss=0.1548 | Reco=0.1548 | Nsdr=6.505 | Best=0.1529 | Bname=main[0m
[[36m04-14 21:19:31[0m][[34mdemucs.solver[0m][[32mINFO[0m] - ----------------------------------------------------------------------[0m
[[36m04-14 21:19:31[0m][[34mdemucs.solver[0m][[32mINFO[0m] - Training...[0m
running 1 epoch
logging progress
[[36m04-14 21:19:34[0m][[34mdemucs.solver[0m][[32mINFO[0m] - Epoch 44 - Step 1/2296 - Loss: 0.0672[0m
[[36m04-14 21:21:36[0m][[34mdemucs.solver[0m][[32mINFO[0m] - Epoch 44 - Step 101/2296 - Loss: 0.0509[0m
[[36m04-14 21:23:37[0m][[34mdemucs.solver[0m][[32mINFO[0m] - Epoch 44 - Step 201/2296 - Loss: 0.0641[0m
[[36m04-14 21:25:40[0m][[34mdemucs.solver[0m][[32mINFO[0m] - Epoch 44 - Step 301/2296 - Loss: 0.0426[0m
[[36m04-14 21:27:41[0m][[34mdemucs.solver[0m][[32mINFO[0m] - Epoch 44 - Step 401/2296 - Loss: 0.0862[0m
[[36m04-14 21:29:42[0m][[34mdemucs.solver[0m][[32mINFO[0m] - Epoch 44 - Step 501/2296 - Loss: 0.0790[0m
[[36m04-14 21:31:13[0m][[34mdemucs.solver[0m][[32mINFO[0m] - Train | Epoch 44 | 574/2296 | 0.82 it/sec | Loss 0.0804 | Reco 0.0804 | Grad 0.0580[0m
[[36m04-14 21:31:44[0m][[34mdemucs.solver[0m][[32mINFO[0m] - Epoch 44 - Step 601/2296 - Loss: 0.0846[0m
[[36m04-14 21:33:45[0m][[34mdemucs.solver[0m][[32mINFO[0m] - Epoch 44 - Step 701/2296 - Loss: 0.0706[0m
[[36m04-14 21:35:53[0m][[34mdemucs.solver[0m][[32mINFO[0m] - Epoch 44 - Step 801/2296 - Loss: 0.0757[0m
[[36m04-14 21:37:54[0m][[34mdemucs.solver[0m][[32mINFO[0m] - Epoch 44 - Step 901/2296 - Loss: 0.0726[0m
[[36m04-14 21:39:55[0m][[34mdemucs.solver[0m][[32mINFO[0m] - Epoch 44 - Step 1001/2296 - Loss: 0.1059[0m
[[36m04-14 21:41:57[0m][[34mdemucs.solver[0m][[32mINFO[0m] - Epoch 44 - Step 1101/2296 - Loss: 0.0672[0m
[[36m04-14 21:42:56[0m][[34mdemucs.solver[0m][[32mINFO[0m] - Train | Epoch 44 | 1148/2296 | 0.82 it/sec | Loss 0.0808 | Reco 0.0808 | Grad 0.0613[0m
[[36m04-14 21:43:59[0m][[34mdemucs.solver[0m][[32mINFO[0m] - Epoch 44 - Step 1201/2296 - Loss: 0.1318[0m
[[36m04-14 21:46:00[0m][[34mdemucs.solver[0m][[32mINFO[0m] - Epoch 44 - Step 1301/2296 - Loss: 0.0915[0m
[[36m04-14 21:48:02[0m][[34mdemucs.solver[0m][[32mINFO[0m] - Epoch 44 - Step 1401/2296 - Loss: 0.0912[0m
[[36m04-14 21:50:03[0m][[34mdemucs.solver[0m][[32mINFO[0m] - Epoch 44 - Step 1501/2296 - Loss: 0.0747[0m
[[36m04-14 21:52:05[0m][[34mdemucs.solver[0m][[32mINFO[0m] - Epoch 44 - Step 1601/2296 - Loss: 0.0921[0m
[[36m04-14 21:54:06[0m][[34mdemucs.solver[0m][[32mINFO[0m] - Epoch 44 - Step 1701/2296 - Loss: 0.0571[0m
[[36m04-14 21:54:34[0m][[34mdemucs.solver[0m][[32mINFO[0m] - Train | Epoch 44 | 1722/2296 | 0.82 it/sec | Loss 0.0810 | Reco 0.0810 | Grad 0.0607[0m
[[36m04-14 21:56:08[0m][[34mdemucs.solver[0m][[32mINFO[0m] - Epoch 44 - Step 1801/2296 - Loss: 0.0982[0m
[[36m04-14 21:58:09[0m][[34mdemucs.solver[0m][[32mINFO[0m] - Epoch 44 - Step 1901/2296 - Loss: 0.1059[0m
[[36m04-14 22:00:10[0m][[34mdemucs.solver[0m][[32mINFO[0m] - Epoch 44 - Step 2001/2296 - Loss: 0.0584[0m
[[36m04-14 22:02:12[0m][[34mdemucs.solver[0m][[32mINFO[0m] - Epoch 44 - Step 2101/2296 - Loss: 0.0778[0m
[[36m04-14 22:04:17[0m][[34mdemucs.solver[0m][[32mINFO[0m] - Epoch 44 - Step 2201/2296 - Loss: 0.1069[0m
done running 1 epoch
[[36m04-14 22:06:13[0m][[34mdemucs.solver[0m][[32mINFO[0m] - [1mTrain Summary | Epoch 44 | Loss=0.0810 | Reco=0.0810 | Grad=0.0608[0m
[[36m04-14 22:06:13[0m][[34mdemucs.solver[0m][[32mINFO[0m] - ----------------------------------------------------------------------[0m
[[36m04-14 22:06:13[0m][[34mdemucs.solver[0m][[32mINFO[0m] - Cross validation...[0m
logging progress
[[36m04-14 22:06:19[0m][[34mdemucs.solver[0m][[32mINFO[0m] - Epoch 44 - Step 1/33.57490921020508 - Loss: 0.1205[0m
[[36m04-14 22:06:27[0m][[34mdemucs.solver[0m][[32mINFO[0m] - Valid | Epoch 44 | 3/14 | 0.30 it/sec | Loss 0.1320 | Reco 0.1320 | Nsdr 7.638[0m
[[36m04-14 22:06:36[0m][[34mdemucs.solver[0m][[32mINFO[0m] - Valid | Epoch 44 | 6/14 | 0.32 it/sec | Loss 0.1345 | Reco 0.1345 | Nsdr 7.691[0m
[[36m04-14 22:06:44[0m][[34mdemucs.solver[0m][[32mINFO[0m] - Valid | Epoch 44 | 9/14 | 0.33 it/sec | Loss 0.1377 | Reco 0.1377 | Nsdr 7.237[0m
[[36m04-14 22:06:53[0m][[34mdemucs.solver[0m][[32mINFO[0m] - Valid | Epoch 44 | 12/14 | 0.33 it/sec | Loss 0.1467 | Reco 0.1467 | Nsdr 6.884[0m
[[36m04-14 22:06:58[0m][[34mdemucs.solver[0m][[32mINFO[0m] - [1mValid Summary | Epoch 44 | Loss=0.1523 | Reco=0.1523 | Nsdr=6.635 | Best=0.1523 | Bname=main[0m
[[36m04-14 22:06:58[0m][[34mdemucs.solver[0m][[32mINFO[0m] - [1mNew best valid loss 0.1523[0m
[[36m04-14 22:07:00[0m][[34mdemucs.solver[0m][[32mINFO[0m] - ----------------------------------------------------------------------[0m
[[36m04-14 22:07:00[0m][[34mdemucs.solver[0m][[32mINFO[0m] - Training...[0m
running 1 epoch
logging progress
[[36m04-14 22:07:03[0m][[34mdemucs.solver[0m][[32mINFO[0m] - Epoch 45 - Step 1/2296 - Loss: 0.1051[0m
[[36m04-14 22:09:04[0m][[34mdemucs.solver[0m][[32mINFO[0m] - Epoch 45 - Step 101/2296 - Loss: 0.1173[0m
[[36m04-14 22:11:05[0m][[34mdemucs.solver[0m][[32mINFO[0m] - Epoch 45 - Step 201/2296 - Loss: 0.0871[0m
[[36m04-14 22:13:07[0m][[34mdemucs.solver[0m][[32mINFO[0m] - Epoch 45 - Step 301/2296 - Loss: 0.0687[0m
[[36m04-14 22:15:08[0m][[34mdemucs.solver[0m][[32mINFO[0m] - Epoch 45 - Step 401/2296 - Loss: 0.0636[0m
[[36m04-14 22:17:09[0m][[34mdemucs.solver[0m][[32mINFO[0m] - Epoch 45 - Step 501/2296 - Loss: 0.0754[0m
[[36m04-14 22:18:40[0m][[34mdemucs.solver[0m][[32mINFO[0m] - Train | Epoch 45 | 574/2296 | 0.82 it/sec | Loss 0.0815 | Reco 0.0815 | Grad 0.0620[0m
[[36m04-14 22:19:10[0m][[34mdemucs.solver[0m][[32mINFO[0m] - Epoch 45 - Step 601/2296 - Loss: 0.0964[0m
[[36m04-14 22:21:12[0m][[34mdemucs.solver[0m][[32mINFO[0m] - Epoch 45 - Step 701/2296 - Loss: 0.0884[0m
[[36m04-14 22:23:13[0m][[34mdemucs.solver[0m][[32mINFO[0m] - Epoch 45 - Step 801/2296 - Loss: 0.1073[0m
[[36m04-14 22:25:14[0m][[34mdemucs.solver[0m][[32mINFO[0m] - Epoch 45 - Step 901/2296 - Loss: 0.0890[0m
[[36m04-14 22:27:16[0m][[34mdemucs.solver[0m][[32mINFO[0m] - Epoch 45 - Step 1001/2296 - Loss: 0.0697[0m
[[36m04-14 22:29:17[0m][[34mdemucs.solver[0m][[32mINFO[0m] - Epoch 45 - Step 1101/2296 - Loss: 0.0593[0m
[[36m04-14 22:30:19[0m][[34mdemucs.solver[0m][[32mINFO[0m] - Train | Epoch 45 | 1148/2296 | 0.82 it/sec | Loss 0.0810 | Reco 0.0810 | Grad 0.0629[0m
[[36m04-14 22:31:21[0m][[34mdemucs.solver[0m][[32mINFO[0m] - Epoch 45 - Step 1201/2296 - Loss: 0.0715[0m
[[36m04-14 22:33:22[0m][[34mdemucs.solver[0m][[32mINFO[0m] - Epoch 45 - Step 1301/2296 - Loss: 0.0977[0m
[[36m04-14 22:35:24[0m][[34mdemucs.solver[0m][[32mINFO[0m] - Epoch 45 - Step 1401/2296 - Loss: 0.0735[0m
[[36m04-14 22:37:25[0m][[34mdemucs.solver[0m][[32mINFO[0m] - Epoch 45 - Step 1501/2296 - Loss: 0.0840[0m
[[36m04-14 22:39:27[0m][[34mdemucs.solver[0m][[32mINFO[0m] - Epoch 45 - Step 1601/2296 - Loss: 0.1021[0m
[[36m04-14 22:41:28[0m][[34mdemucs.solver[0m][[32mINFO[0m] - Epoch 45 - Step 1701/2296 - Loss: 0.0546[0m
[[36m04-14 22:41:55[0m][[34mdemucs.solver[0m][[32mINFO[0m] - Train | Epoch 45 | 1722/2296 | 0.82 it/sec | Loss 0.0811 | Reco 0.0811 | Grad 0.0619[0m
[[36m04-14 22:43:29[0m][[34mdemucs.solver[0m][[32mINFO[0m] - Epoch 45 - Step 1801/2296 - Loss: 0.0700[0m
[[36m04-14 22:45:31[0m][[34mdemucs.solver[0m][[32mINFO[0m] - Epoch 45 - Step 1901/2296 - Loss: 0.0763[0m
[[36m04-14 22:47:32[0m][[34mdemucs.solver[0m][[32mINFO[0m] - Epoch 45 - Step 2001/2296 - Loss: 0.0769[0m
[[36m04-14 22:49:34[0m][[34mdemucs.solver[0m][[32mINFO[0m] - Epoch 45 - Step 2101/2296 - Loss: 0.0937[0m
[[36m04-14 22:51:35[0m][[34mdemucs.solver[0m][[32mINFO[0m] - Epoch 45 - Step 2201/2296 - Loss: 0.0856[0m
done running 1 epoch
[[36m04-14 22:53:31[0m][[34mdemucs.solver[0m][[32mINFO[0m] - [1mTrain Summary | Epoch 45 | Loss=0.0809 | Reco=0.0809 | Grad=0.0613[0m
[[36m04-14 22:53:31[0m][[34mdemucs.solver[0m][[32mINFO[0m] - ----------------------------------------------------------------------[0m
[[36m04-14 22:53:31[0m][[34mdemucs.solver[0m][[32mINFO[0m] - Cross validation...[0m
logging progress
[[36m04-14 22:53:37[0m][[34mdemucs.solver[0m][[32mINFO[0m] - Epoch 45 - Step 1/33.41469955444336 - Loss: 0.1209[0m
[[36m04-14 22:53:45[0m][[34mdemucs.solver[0m][[32mINFO[0m] - Valid | Epoch 45 | 3/14 | 0.30 it/sec | Loss 0.1303 | Reco 0.1303 | Nsdr 7.646[0m
[[36m04-14 22:53:54[0m][[34mdemucs.solver[0m][[32mINFO[0m] - Valid | Epoch 45 | 6/14 | 0.32 it/sec | Loss 0.1338 | Reco 0.1338 | Nsdr 7.694[0m
[[36m04-14 22:54:02[0m][[34mdemucs.solver[0m][[32mINFO[0m] - Valid | Epoch 45 | 9/14 | 0.33 it/sec | Loss 0.1387 | Reco 0.1387 | Nsdr 7.170[0m
[[36m04-14 22:54:11[0m][[34mdemucs.solver[0m][[32mINFO[0m] - Valid | Epoch 45 | 12/14 | 0.33 it/sec | Loss 0.1479 | Reco 0.1479 | Nsdr 6.810[0m
[[36m04-14 22:54:16[0m][[34mdemucs.solver[0m][[32mINFO[0m] - [1mValid Summary | Epoch 45 | Loss=0.1528 | Reco=0.1528 | Nsdr=6.588 | Best=0.1523 | Bname=main[0m
[[36m04-14 22:54:18[0m][[34mdemucs.solver[0m][[32mINFO[0m] - ----------------------------------------------------------------------[0m
[[36m04-14 22:54:18[0m][[34mdemucs.solver[0m][[32mINFO[0m] - Training...[0m
running 1 epoch
logging progress
[[36m04-14 22:54:21[0m][[34mdemucs.solver[0m][[32mINFO[0m] - Epoch 46 - Step 1/2296 - Loss: 0.0875[0m
[[36m04-14 22:56:25[0m][[34mdemucs.solver[0m][[32mINFO[0m] - Epoch 46 - Step 101/2296 - Loss: 0.0850[0m
[[36m04-14 22:58:26[0m][[34mdemucs.solver[0m][[32mINFO[0m] - Epoch 46 - Step 201/2296 - Loss: 0.0726[0m
[[36m04-14 23:00:28[0m][[34mdemucs.solver[0m][[32mINFO[0m] - Epoch 46 - Step 301/2296 - Loss: 0.0678[0m
[[36m04-14 23:02:29[0m][[34mdemucs.solver[0m][[32mINFO[0m] - Epoch 46 - Step 401/2296 - Loss: 0.0772[0m
[[36m04-14 23:04:30[0m][[34mdemucs.solver[0m][[32mINFO[0m] - Epoch 46 - Step 501/2296 - Loss: 0.0667[0m
[[36m04-14 23:06:01[0m][[34mdemucs.solver[0m][[32mINFO[0m] - Train | Epoch 46 | 574/2296 | 0.82 it/sec | Loss 0.0791 | Reco 0.0791 | Grad 0.0617[0m
[[36m04-14 23:06:32[0m][[34mdemucs.solver[0m][[32mINFO[0m] - Epoch 46 - Step 601/2296 - Loss: 0.0681[0m
[[36m04-14 23:08:33[0m][[34mdemucs.solver[0m][[32mINFO[0m] - Epoch 46 - Step 701/2296 - Loss: 0.0869[0m
[[36m04-14 23:10:34[0m][[34mdemucs.solver[0m][[32mINFO[0m] - Epoch 46 - Step 801/2296 - Loss: 0.0956[0m
[[36m04-14 23:12:35[0m][[34mdemucs.solver[0m][[32mINFO[0m] - Epoch 46 - Step 901/2296 - Loss: 0.0537[0m
[[36m04-14 23:14:37[0m][[34mdemucs.solver[0m][[32mINFO[0m] - Epoch 46 - Step 1001/2296 - Loss: 0.1195[0m
[[36m04-14 23:16:38[0m][[34mdemucs.solver[0m][[32mINFO[0m] - Epoch 46 - Step 1101/2296 - Loss: 0.0749[0m
[[36m04-14 23:17:37[0m][[34mdemucs.solver[0m][[32mINFO[0m] - Train | Epoch 46 | 1148/2296 | 0.82 it/sec | Loss 0.0798 | Reco 0.0798 | Grad 0.0606[0m
[[36m04-14 23:18:39[0m][[34mdemucs.solver[0m][[32mINFO[0m] - Epoch 46 - Step 1201/2296 - Loss: 0.0898[0m
[[36m04-14 23:20:41[0m][[34mdemucs.solver[0m][[32mINFO[0m] - Epoch 46 - Step 1301/2296 - Loss: 0.0862[0m
[[36m04-14 23:22:42[0m][[34mdemucs.solver[0m][[32mINFO[0m] - Epoch 46 - Step 1401/2296 - Loss: 0.1192[0m
[[36m04-14 23:24:46[0m][[34mdemucs.solver[0m][[32mINFO[0m] - Epoch 46 - Step 1501/2296 - Loss: 0.0700[0m
[[36m04-14 23:26:48[0m][[34mdemucs.solver[0m][[32mINFO[0m] - Epoch 46 - Step 1601/2296 - Loss: 0.0644[0m
[[36m04-14 23:28:49[0m][[34mdemucs.solver[0m][[32mINFO[0m] - Epoch 46 - Step 1701/2296 - Loss: 0.0598[0m
[[36m04-14 23:29:16[0m][[34mdemucs.solver[0m][[32mINFO[0m] - Train | Epoch 46 | 1722/2296 | 0.82 it/sec | Loss 0.0805 | Reco 0.0805 | Grad 0.0612[0m
[[36m04-14 23:30:50[0m][[34mdemucs.solver[0m][[32mINFO[0m] - Epoch 46 - Step 1801/2296 - Loss: 0.0869[0m
[[36m04-14 23:32:52[0m][[34mdemucs.solver[0m][[32mINFO[0m] - Epoch 46 - Step 1901/2296 - Loss: 0.0687[0m
[[36m04-14 23:34:53[0m][[34mdemucs.solver[0m][[32mINFO[0m] - Epoch 46 - Step 2001/2296 - Loss: 0.0843[0m
[[36m04-14 23:36:55[0m][[34mdemucs.solver[0m][[32mINFO[0m] - Epoch 46 - Step 2101/2296 - Loss: 0.1089[0m
[[36m04-14 23:38:56[0m][[34mdemucs.solver[0m][[32mINFO[0m] - Epoch 46 - Step 2201/2296 - Loss: 0.0793[0m
done running 1 epoch
[[36m04-14 23:40:52[0m][[34mdemucs.solver[0m][[32mINFO[0m] - [1mTrain Summary | Epoch 46 | Loss=0.0803 | Reco=0.0803 | Grad=0.0610[0m
[[36m04-14 23:40:52[0m][[34mdemucs.solver[0m][[32mINFO[0m] - ----------------------------------------------------------------------[0m
[[36m04-14 23:40:52[0m][[34mdemucs.solver[0m][[32mINFO[0m] - Cross validation...[0m
logging progress
[[36m04-14 23:40:58[0m][[34mdemucs.solver[0m][[32mINFO[0m] - Epoch 46 - Step 1/32.38534927368164 - Loss: 0.1246[0m
[[36m04-14 23:41:06[0m][[34mdemucs.solver[0m][[32mINFO[0m] - Valid | Epoch 46 | 3/14 | 0.30 it/sec | Loss 0.1344 | Reco 0.1344 | Nsdr 7.481[0m
[[36m04-14 23:41:14[0m][[34mdemucs.solver[0m][[32mINFO[0m] - Valid | Epoch 46 | 6/14 | 0.32 it/sec | Loss 0.1366 | Reco 0.1366 | Nsdr 7.548[0m
[[36m04-14 23:41:23[0m][[34mdemucs.solver[0m][[32mINFO[0m] - Valid | Epoch 46 | 9/14 | 0.33 it/sec | Loss 0.1384 | Reco 0.1384 | Nsdr 7.183[0m
[[36m04-14 23:41:32[0m][[34mdemucs.solver[0m][[32mINFO[0m] - Valid | Epoch 46 | 12/14 | 0.33 it/sec | Loss 0.1478 | Reco 0.1478 | Nsdr 6.821[0m
[[36m04-14 23:41:37[0m][[34mdemucs.solver[0m][[32mINFO[0m] - [1mValid Summary | Epoch 46 | Loss=0.1528 | Reco=0.1528 | Nsdr=6.604 | Best=0.1523 | Bname=main[0m
Error executing job with overrides: ['model=htdemucs']
Traceback (most recent call last):
  File "/project/6002780/kaim/demucs/demucs_env/lib/python3.10/site-packages/torch/serialization.py", line 619, in save
    _save(obj, opened_zipfile, pickle_module, pickle_protocol, _disable_byteorder_record)
  File "/project/6002780/kaim/demucs/demucs_env/lib/python3.10/site-packages/torch/serialization.py", line 853, in _save
    zip_file.write_record(name, storage.data_ptr(), num_bytes)
OSError: [Errno 7] Argument list too long

During handling of the above exception, another exception occurred:

Traceback (most recent call last):
  File "/project/6002780/kaim/demucs/demucs_env/lib/python3.10/site-packages/dora/utils.py", line 56, in write_and_rename
    yield f
  File "/project/6002780/kaim/demucs/demucs/solver.py", line 89, in _serialize
    torch.save(package, tmp)
  File "/project/6002780/kaim/demucs/demucs_env/lib/python3.10/site-packages/torch/serialization.py", line 618, in save
    with _open_zipfile_writer(f) as opened_zipfile:
  File "/project/6002780/kaim/demucs/demucs_env/lib/python3.10/site-packages/torch/serialization.py", line 482, in __exit__
    self.file_like.write_end_of_file()
RuntimeError: [enforce fail at inline_container.cc:424] . unexpected pos 380318336 vs 380318224

During handling of the above exception, another exception occurred:

Traceback (most recent call last):
  File "/project/6002780/kaim/demucs/demucs/train.py", line 284, in main
    solver.train()
  File "/project/6002780/kaim/demucs/demucs/solver.py", line 301, in train
    self._serialize(epoch)
  File "/project/6002780/kaim/demucs/demucs/solver.py", line 88, in _serialize
    with write_and_rename(self.checkpoint_file) as tmp:
  File "/cvmfs/soft.computecanada.ca/easybuild/software/2023/x86-64-v3/Compiler/gcccore/python/3.10.13/lib/python3.10/contextlib.py", line 153, in __exit__
    self.gen.throw(typ, value, traceback)
  File "/project/6002780/kaim/demucs/demucs_env/lib/python3.10/site-packages/dora/utils.py", line 55, in write_and_rename
    with open(tmp_path, mode) as f:
OSError: [Errno 7] Argument list too long

Set the environment variable HYDRA_FULL_ERROR=1 for a complete stack trace.
[1;34mwandb[0m: 
[1;34mwandb[0m: 🚀 View run [33mdemucs_2025-04-14[0m at: [34mhttps://wandb.ai/kaimikkelsen-mcgill-university/demucs/runs/i9ymcryr[0m
[1;34mwandb[0m: Find logs at: [1;35mwandb/run-20250414_114234-i9ymcryr/logs[0m
